2017/07/24 09:26:21 3561820	--------------------------------------------------
2017/07/24 09:26:26 2508889	缓存托盘个数:6
2017/07/24 09:26:26 6208706	程序启动时,线体有托盘
2017/07/24 09:28:09 2028803	--------------------------------------------------
2017/07/24 09:28:09 5467948	缓存托盘个数:6
2017/07/24 09:28:09 9448533	程序启动时,线体有托盘
2017/07/24 09:29:54 2550469	--------------------------------------------------
2017/07/24 09:29:54 7413416	缓存托盘个数:6
2017/07/24 09:29:55 2547063	程序启动时,线体有托盘
2017/07/24 09:30:23 1084094	--------------------------------------------------
2017/07/24 09:30:23 4723781	缓存托盘个数:6
2017/07/24 09:30:23 8724416	程序启动时,线体有托盘
2017/07/24 09:33:24 9054218	--------------------------------------------------
2017/07/24 09:33:25 2332955	缓存托盘个数:6
2017/07/24 09:33:25 7135717	程序启动时,线体有托盘
2017/07/24 09:36:59 4765428	--------------------------------------------------
2017/07/24 09:36:59 9498012	缓存托盘个数:6
2017/07/24 09:37:00 3037431	程序启动时,线体有托盘
2017/07/24 09:37:48 4008612	--------------------------------------------------
2017/07/24 09:37:48 7197096	缓存托盘个数:6
2017/07/24 09:37:49 0826750	程序启动时,线体有托盘
2017/07/24 09:38:24 2783938	--------------------------------------------------
2017/07/24 09:38:24 8168261	缓存托盘个数:6
2017/07/24 09:38:25 2409544	程序启动时,线体有托盘
2017/07/24 09:42:59 5424269	--------------------------------------------------
2017/07/24 09:42:59 8542576	缓存托盘个数:6
2017/07/24 09:43:00 3626088	程序启动时,线体有托盘
2017/07/24 09:43:33 7103630	--------------------------------------------------
2017/07/24 09:43:33 9329550	缓存托盘个数:6
2017/07/24 09:43:34 3761341	程序启动时,线体有托盘
2017/07/24 09:43:58 8181431	--------------------------------------------------
2017/07/24 09:43:59 0637986	缓存托盘个数:6
2017/07/24 09:43:59 3806394	程序启动时,线体有托盘
2017/07/24 09:44:33 5848116	--------------------------------------------------
2017/07/24 09:44:34 0410263	缓存托盘个数:6
2017/07/24 09:44:34 4451012	程序启动时,线体有托盘
2017/07/24 09:45:01 1536973	--------------------------------------------------
2017/07/24 09:45:01 3361819	缓存托盘个数:6
2017/07/24 09:45:01 6590418	程序启动时,线体有托盘
2017/07/24 09:48:43 9245349	--------------------------------------------------
2017/07/24 09:48:44 2834904	缓存托盘个数:6
2017/07/24 09:48:44 9041429	程序启动时,线体有托盘
2017/07/24 09:49:12 8604991	--------------------------------------------------
2017/07/24 09:49:13 2695875	缓存托盘个数:6
2017/07/24 09:49:13 6185152	程序启动时,线体有托盘
2017/07/24 09:50:20 9636380	--------------------------------------------------
2017/07/24 09:50:21 3496649	缓存托盘个数:6
2017/07/24 09:50:21 7086185	程序启动时,线体有托盘
2017/07/24 09:50:50 4312810	--------------------------------------------------
2017/07/24 09:50:50 5766702	缓存托盘个数:6
2017/07/24 09:50:50 9075491	程序启动时,线体有托盘
2017/07/24 09:51:29 3360135	--------------------------------------------------
2017/07/24 09:51:29 7070006	缓存托盘个数:6
2017/07/24 09:51:30 1481736	程序启动时,线体有托盘
2017/07/24 09:51:37 2510657	--------------------------------------------------
2017/07/24 09:51:37 4666381	缓存托盘个数:6
2017/07/24 09:51:37 7634286	程序启动时,线体有托盘
2017/07/24 09:52:00 6439751	--------------------------------------------------
2017/07/24 09:52:00 8725832	缓存托盘个数:6
2017/07/24 09:52:01 2064714	程序启动时,线体有托盘
2017/07/24 09:53:31 9367924	--------------------------------------------------
2017/07/24 09:53:32 1924741	缓存托盘个数:6
2017/07/24 09:53:32 7218811	程序启动时,线体有托盘
2017/07/24 09:55:55 8212725	--------------------------------------------------
2017/07/24 09:55:56 2123145	缓存托盘个数:6
2017/07/24 09:55:56 5582340	程序启动时,线体有托盘
2017/07/24 09:56:33 6799688	--------------------------------------------------
2017/07/24 09:56:33 9176116	缓存托盘个数:6
2017/07/24 09:56:34 3748171	程序启动时,线体有托盘
2017/07/24 09:56:55 8689856	--------------------------------------------------
2017/07/24 09:56:56 1717902	缓存托盘个数:6
2017/07/24 09:56:56 6019371	程序启动时,线体有托盘
2017/07/24 09:58:31 0388858	--------------------------------------------------
2017/07/24 09:58:31 3817979	缓存托盘个数:6
2017/07/24 09:58:31 7808593	程序启动时,线体有托盘
2017/07/24 09:58:48 6318499	--------------------------------------------------
2017/07/24 09:58:48 7862621	缓存托盘个数:6
2017/07/24 09:58:49 0950827	程序启动时,线体有托盘
2017/07/24 09:59:43 7424317	--------------------------------------------------
2017/07/24 09:59:43 9610131	缓存托盘个数:6
2017/07/24 09:59:44 4513170	程序启动时,线体有托盘
2017/07/24 10:00:24 1019471	--------------------------------------------------
2017/07/24 10:00:24 3215314	缓存托盘个数:6
2017/07/24 10:00:24 8318894	程序启动时,线体有托盘
2017/07/24 10:00:39 9565112	--------------------------------------------------
2017/07/24 10:00:40 2101849	缓存托盘个数:6
2017/07/24 10:00:40 6343128	程序启动时,线体有托盘
2017/07/24 10:01:30 1201054	--------------------------------------------------
2017/07/24 10:01:30 3517201	缓存托盘个数:6
2017/07/24 10:01:30 6946333	程序启动时,线体有托盘
2017/07/24 10:02:02 9273638	--------------------------------------------------
2017/07/24 10:02:03 1690078	缓存托盘个数:6
2017/07/24 10:02:03 6522925	程序启动时,线体有托盘
2017/07/24 10:02:37 4030610	--------------------------------------------------
2017/07/24 10:02:37 5935677	缓存托盘个数:6
2017/07/24 10:02:38 1650885	程序启动时,线体有托盘
2017/07/24 10:03:06 8774566	--------------------------------------------------
2017/07/24 10:03:07 2063306	缓存托盘个数:6
2017/07/24 10:03:07 5101396	程序启动时,线体有托盘
2017/07/24 10:03:25 3365527	--------------------------------------------------
2017/07/24 10:03:25 5310716	缓存托盘个数:6
2017/07/24 10:03:26 0825364	程序启动时,线体有托盘
2017/07/24 10:04:14 7416176	--------------------------------------------------
2017/07/24 10:04:14 9872720	缓存托盘个数:6
2017/07/24 10:04:15 3001025	程序启动时,线体有托盘
2017/07/24 10:04:48 0702643	--------------------------------------------------
2017/07/24 10:04:48 2537510	缓存托盘个数:6
2017/07/24 10:04:48 5164509	程序启动时,线体有托盘
2017/07/24 10:06:38 5591375	--------------------------------------------------
2017/07/24 10:06:39 1306584	缓存托盘个数:6
2017/07/24 10:06:39 9899437	程序启动时,线体有托盘
2017/07/24 10:07:33 4701907	--------------------------------------------------
2017/07/24 10:07:33 8662413	缓存托盘个数:6
2017/07/24 10:07:34 3204503	程序启动时,线体有托盘
2017/07/24 10:08:59 3656491	--------------------------------------------------
2017/07/24 10:08:59 7256074	缓存托盘个数:6
2017/07/24 10:09:00 5858956	程序启动时,线体有托盘
2017/07/24 10:12:59 4028212	--------------------------------------------------
2017/07/24 10:12:59 9222019	缓存托盘个数:6
2017/07/24 10:13:00 4315653	程序启动时,线体有托盘
2017/07/24 10:13:23 7656205	--------------------------------------------------
2017/07/24 10:13:23 9862053	缓存托盘个数:6
2017/07/24 10:13:24 4775132	程序启动时,线体有托盘
2017/07/24 10:13:54 5244318	--------------------------------------------------
2017/07/24 10:13:54 9816467	缓存托盘个数:6
2017/07/24 10:13:55 3115243	程序启动时,线体有托盘
2017/07/24 10:14:31 9088642	--------------------------------------------------
2017/07/24 10:14:32 1976319	缓存托盘个数:6
2017/07/24 10:14:32 7922135	程序启动时,线体有托盘
2017/07/24 10:15:01 4733273	--------------------------------------------------
2017/07/24 10:15:01 8292735	缓存托盘个数:6
2017/07/24 10:15:02 1411027	程序启动时,线体有托盘
2017/07/24 10:25:05 3307768	--------------------------------------------------
2017/07/24 10:25:05 9604505	缓存托盘个数:6
2017/07/24 10:25:06 3384564	程序启动时,线体有托盘
2017/07/24 10:25:29 8600180	--------------------------------------------------
2017/07/24 10:25:30 0946424	缓存托盘个数:6
2017/07/24 10:25:30 5057351	程序启动时,线体有托盘
2017/07/24 10:26:03 5265632	--------------------------------------------------
2017/07/24 10:26:03 7351179	缓存托盘个数:6
2017/07/24 10:26:04 1462114	程序启动时,线体有托盘
2017/07/24 10:26:42 9201244	--------------------------------------------------
2017/07/24 10:26:43 1106300	缓存托盘个数:6
2017/07/24 10:26:43 4856278	程序启动时,线体有托盘
2017/07/24 10:33:59 8307944	--------------------------------------------------
2017/07/24 10:33:59 9902193	缓存托盘个数:6
2017/07/24 10:34:00 2057922	程序启动时,线体有托盘
2017/07/24 10:39:07 5106320	--------------------------------------------------
2017/07/24 10:39:07 7963933	缓存托盘个数:6
2017/07/24 10:39:08 2285426	程序启动时,线体有托盘
2017/07/24 10:49:16 1902815	--------------------------------------------------
2017/07/24 10:49:16 5672846	缓存托盘个数:6
2017/07/24 10:49:16 9693535	程序启动时,线体有托盘
2017/07/24 10:50:17 1865306	--------------------------------------------------
2017/07/24 10:50:17 4041106	缓存托盘个数:6
2017/07/24 10:50:17 8523022	程序启动时,线体有托盘
2017/07/24 10:50:43 6312699	--------------------------------------------------
2017/07/24 10:50:43 9771852	缓存托盘个数:6
2017/07/24 10:50:44 4344025	程序启动时,线体有托盘
2017/07/24 10:51:57 9203940	--------------------------------------------------
2017/07/24 10:51:58 2713410	缓存托盘个数:6
2017/07/24 10:51:58 6683839	程序启动时,线体有托盘
2017/07/24 11:25:35 0930566	--------------------------------------------------
2017/07/24 11:25:35 3106366	缓存托盘个数:6
2017/07/24 11:25:35 5733335	程序启动时,线体有托盘
2017/07/24 11:27:11 4325285	--------------------------------------------------
2017/07/24 11:27:11 6982354	缓存托盘个数:6
2017/07/24 11:27:11 9418837	程序启动时,线体有托盘
2017/07/24 11:34:31 0566729	--------------------------------------------------
2017/07/24 11:34:31 3113522	缓存托盘个数:6
2017/07/24 11:34:31 5690355	程序启动时,线体有托盘
2017/07/24 11:35:58 3703617	--------------------------------------------------
2017/07/24 11:35:58 7453542	缓存托盘个数:6
2017/07/24 11:35:59 1975571	程序启动时,线体有托盘
2017/07/24 11:37:13 2094343	--------------------------------------------------
2017/07/24 11:37:13 4851667	缓存托盘个数:6
2017/07/24 11:37:13 7629053	程序启动时,线体有托盘
2017/07/24 11:38:48 2088491	--------------------------------------------------
2017/07/24 11:38:48 6079097	缓存托盘个数:6
2017/07/24 11:38:48 8906621	程序启动时,线体有托盘
2017/07/24 11:40:15 9028980	--------------------------------------------------
2017/07/24 11:40:16 0843805	缓存托盘个数:6
2017/07/24 11:40:16 3400608	程序启动时,线体有托盘
2017/07/24 11:43:09 3465423	--------------------------------------------------
2017/07/24 11:43:09 7977428	缓存托盘个数:6
2017/07/24 11:43:10 0965375	程序启动时,线体有托盘
2017/07/24 11:44:50 8103963	--------------------------------------------------
2017/07/24 11:44:51 2946846	缓存托盘个数:6
2017/07/24 11:44:51 6125298	程序启动时,线体有托盘
2017/07/24 11:45:33 3793202	--------------------------------------------------
2017/07/24 11:45:34 2897417	缓存托盘个数:6
2017/07/24 11:45:34 8151395	程序启动时,线体有托盘
2017/07/24 13:30:52 4113765	--------------------------------------------------
2017/07/24 13:30:52 6470037	缓存托盘个数:6
2017/07/24 13:30:53 0270139	程序启动时,线体有托盘
2017/07/24 13:39:29 0853317	--------------------------------------------------
2017/07/24 13:39:29 6167451	缓存托盘个数:6
2017/07/24 13:39:30 0037745	程序启动时,线体有托盘
2017/07/24 13:59:05 3228084	--------------------------------------------------
2017/07/24 13:59:05 5925244	缓存托盘个数:6
2017/07/24 13:59:06 0046211	程序启动时,线体有托盘
2017/07/24 14:04:54 6018076	--------------------------------------------------
2017/07/24 14:04:55 1773369	缓存托盘个数:6
2017/07/24 14:04:55 6385659	程序启动时,线体有托盘
2017/07/24 14:06:14 3348785	--------------------------------------------------
2017/07/24 14:06:14 8322009	缓存托盘个数:6
2017/07/24 14:06:15 3245109	程序启动时,线体有托盘
2017/07/24 14:06:17 8622594	已取消一个任务。
2017/07/24 14:06:17 8783024	已取消一个任务。
2017/07/24 14:06:17 9244243	已取消一个任务。
2017/07/24 14:06:17 9384692	已取消一个任务。
2017/07/24 14:06:17 9514965	已取消一个任务。
2017/07/24 14:06:17 9665390	已取消一个任务。
2017/07/24 14:06:17 9996261	已取消一个任务。
2017/07/24 14:06:18 0216938	已取消一个任务。
2017/07/24 14:06:18 0347177	已取消一个任务。
2017/07/24 14:06:18 0507615	已取消一个任务。
2017/07/24 14:06:18 0758280	已取消一个任务。
2017/07/24 14:06:18 0878592	已取消一个任务。
2017/07/24 14:06:18 1008941	已取消一个任务。
2017/07/24 14:06:18 1410004	已取消一个任务。
2017/07/24 14:06:18 1540368	已取消一个任务。
2017/07/24 14:06:18 1660684	已取消一个任务。
2017/07/24 14:06:18 1791032	已取消一个任务。
2017/07/24 14:06:18 1991551	已取消一个任务。
2017/07/24 14:06:18 2111871	已取消一个任务。
2017/07/24 14:06:18 2242215	已取消一个任务。
2017/07/24 14:06:18 2422711	已取消一个任务。
2017/07/24 14:06:18 2563095	已取消一个任务。
2017/07/24 14:06:18 2693417	已取消一个任务。
2017/07/24 14:06:18 2893962	已取消一个任务。
2017/07/24 14:06:18 3004257	已取消一个任务。
2017/07/24 14:06:18 3124577	已取消一个任务。
2017/07/24 14:06:18 3254930	已取消一个任务。
2017/07/24 14:06:18 3435387	已取消一个任务。
2017/07/24 14:06:18 3555715	已取消一个任务。
2017/07/24 14:06:18 3676042	已取消一个任务。
2017/07/24 14:06:18 3886589	已取消一个任务。
2017/07/24 14:06:18 4006928	已取消一个任务。
2017/07/24 14:06:18 4137269	已取消一个任务。
2017/07/24 14:06:18 4267636	已取消一个任务。
2017/07/24 14:06:18 4468151	已取消一个任务。
2017/07/24 14:06:18 4618545	已取消一个任务。
2017/07/24 14:06:18 4829096	已取消一个任务。
2017/07/24 14:06:18 4979509	已取消一个任务。
2017/07/24 14:06:18 5099825	已取消一个任务。
2017/07/24 14:06:18 5220157	已取消一个任务。
2017/07/24 14:06:18 5420667	已取消一个任务。
2017/07/24 14:06:18 5551016	已取消一个任务。
2017/07/24 14:06:18 5661311	已取消一个任务。
2017/07/24 14:06:18 5791675	已取消一个任务。
2017/07/24 14:06:18 6002214	已取消一个任务。
2017/07/24 14:06:18 6152631	已取消一个任务。
2017/07/24 14:06:18 6272951	已取消一个任务。
2017/07/24 14:06:18 6473477	已取消一个任务。
2017/07/24 14:06:18 6603841	已取消一个任务。
2017/07/24 14:06:18 6724149	已取消一个任务。
2017/07/24 14:06:18 7195390	已取消一个任务。
2017/07/24 14:06:18 7325750	已取消一个任务。
2017/07/24 14:06:18 7466134	已取消一个任务。
2017/07/24 14:06:18 7666660	已取消一个任务。
2017/07/24 14:06:18 7797005	已取消一个任务。
2017/07/24 14:06:18 7917317	已取消一个任务。
2017/07/24 14:06:18 8037634	已取消一个任务。
2017/07/24 14:06:18 8238178	已取消一个任务。
2017/07/24 14:06:18 8358479	已取消一个任务。
2017/07/24 14:06:18 8478826	已取消一个任务。
2017/07/24 14:06:18 8669327	已取消一个任务。
2017/07/24 14:06:18 8809693	已取消一个任务。
2017/07/24 14:06:18 8940041	已取消一个任务。
2017/07/24 14:06:18 9140567	已取消一个任务。
2017/07/24 14:06:18 9260902	已取消一个任务。
2017/07/24 14:06:18 9401268	已取消一个任务。
2017/07/24 14:06:18 9521588	已取消一个任务。
2017/07/24 14:06:18 9702064	已取消一个任务。
2017/07/24 14:06:18 9832417	已取消一个任务。
2017/07/24 14:06:18 9952741	已取消一个任务。
2017/07/24 14:06:19 0163299	已取消一个任务。
2017/07/24 14:06:19 0293651	已取消一个任务。
2017/07/24 14:06:19 0413971	已取消一个任务。
2017/07/24 14:06:19 0544312	已取消一个任务。
2017/07/24 14:06:19 0734813	已取消一个任务。
2017/07/24 14:06:19 0865169	已取消一个任务。
2017/07/24 14:06:19 0985478	已取消一个任务。
2017/07/24 14:06:19 1196338	已取消一个任务。
2017/07/24 14:06:19 1336425	已取消一个任务。
2017/07/24 14:06:19 1446712	已取消一个任务。
2017/07/24 14:06:19 1647567	已取消一个任务。
2017/07/24 14:06:19 1787600	已取消一个任务。
2017/07/24 14:06:19 1907943	已取消一个任务。
2017/07/24 14:06:19 2028259	已取消一个任务。
2017/07/24 14:06:19 2228974	已取消一个任务。
2017/07/24 14:06:19 2349112	已取消一个任务。
2017/07/24 14:06:19 2469421	已取消一个任务。
2017/07/24 14:06:19 2670174	已取消一个任务。
2017/07/24 14:06:19 2800314	已取消一个任务。
2017/07/24 14:06:19 2920634	已取消一个任务。
2017/07/24 14:06:19 3131189	已取消一个任务。
2017/07/24 14:06:19 3271551	已取消一个任务。
2017/07/24 14:06:19 3391886	已取消一个任务。
2017/07/24 14:06:19 3512191	已取消一个任务。
2017/07/24 14:06:19 3702711	已取消一个任务。
2017/07/24 14:06:19 3823023	已取消一个任务。
2017/07/24 14:06:19 3943343	已取消一个任务。
2017/07/24 14:06:19 4133859	已取消一个任务。
2017/07/24 14:06:19 4254164	已取消一个任务。
2017/07/24 14:06:19 4374484	已取消一个任务。
2017/07/24 14:06:19 4494816	已取消一个任务。
2017/07/24 14:06:19 4695334	已取消一个任务。
2017/07/24 14:06:19 4825698	已取消一个任务。
2017/07/24 14:06:19 4946010	已取消一个任务。
2017/07/24 14:06:19 5146555	已取消一个任务。
2017/07/24 14:06:19 5276919	已取消一个任务。
2017/07/24 14:06:19 5407256	已取消一个任务。
2017/07/24 14:06:19 5607785	已取消一个任务。
2017/07/24 14:06:19 5728090	已取消一个任务。
2017/07/24 14:06:19 5848422	已取消一个任务。
2017/07/24 14:06:19 6038930	已取消一个任务。
2017/07/24 14:06:19 6229435	已取消一个任务。
2017/07/24 14:06:19 6349751	已取消一个任务。
2017/07/24 14:06:19 6480100	已取消一个任务。
2017/07/24 14:06:19 6690643	已取消一个任务。
2017/07/24 14:06:19 6811288	已取消一个任务。
2017/07/24 14:06:19 6931487	已取消一个任务。
2017/07/24 14:06:19 7131835	已取消一个任务。
2017/07/24 14:06:19 7272193	已取消一个任务。
2017/07/24 14:06:19 7402550	已取消一个任务。
2017/07/24 14:06:19 7603094	已取消一个任务。
2017/07/24 14:06:19 7733458	已取消一个任务。
2017/07/24 14:06:19 7853740	已取消一个任务。
2017/07/24 14:06:19 7984096	已取消一个任务。
2017/07/24 14:06:19 8174601	已取消一个任务。
2017/07/24 14:06:19 8295227	已取消一个任务。
2017/07/24 14:06:19 8415245	已取消一个任务。
2017/07/24 14:06:19 8615778	已取消一个任务。
2017/07/24 14:06:19 8746131	已取消一个任务。
2017/07/24 14:06:19 8866432	已取消一个任务。
2017/07/24 14:06:19 8986752	已取消一个任务。
2017/07/24 14:06:19 9187300	已取消一个任务。
2017/07/24 14:06:19 9307613	已取消一个任务。
2017/07/24 14:06:19 9428027	已取消一个任务。
2017/07/24 14:06:19 9628466	已取消一个任务。
2017/07/24 14:06:19 9768859	已取消一个任务。
2017/07/24 14:06:19 9899200	已取消一个任务。
2017/07/24 14:06:20 0119771	已取消一个任务。
2017/07/24 14:06:20 0240095	已取消一个任务。
2017/07/24 14:06:20 0360404	已取消一个任务。
2017/07/24 14:06:20 0490775	已取消一个任务。
2017/07/24 14:06:20 0691289	已取消一个任务。
2017/07/24 14:06:20 0821634	已取消一个任务。
2017/07/24 14:06:20 0941962	已取消一个任务。
2017/07/24 14:06:20 1132463	已取消一个任务。
2017/07/24 14:06:20 1252794	已取消一个任务。
2017/07/24 14:06:20 1373107	已取消一个任务。
2017/07/24 14:06:20 1503444	已取消一个任务。
2017/07/24 14:06:20 1764145	已取消一个任务。
2017/07/24 14:06:20 1994768	已取消一个任务。
2017/07/24 14:06:20 2325646	已取消一个任务。
2017/07/24 14:06:20 2596375	已取消一个任务。
2017/07/24 14:06:20 3027603	已取消一个任务。
2017/07/24 14:06:20 3769482	已取消一个任务。
2017/07/24 14:06:20 4010119	已取消一个任务。
2017/07/24 14:06:20 4190602	已取消一个任务。
2017/07/24 14:06:20 4581648	已取消一个任务。
2017/07/24 14:06:20 4792206	已取消一个任务。
2017/07/24 14:06:20 4982722	已取消一个任务。
2017/07/24 14:06:20 5223344	已取消一个任务。
2017/07/24 14:06:20 5423884	已取消一个任务。
2017/07/24 14:06:20 5594336	已取消一个任务。
2017/07/24 14:06:20 5814934	已取消一个任务。
2017/07/24 14:06:20 5975361	已取消一个任务。
2017/07/24 14:06:20 6206029	已取消一个任务。
2017/07/24 14:06:20 6476698	已取消一个任务。
2017/07/24 14:06:20 6647142	已取消一个任务。
2017/07/24 14:06:20 6787504	已取消一个任务。
2017/07/24 14:06:20 6917860	已取消一个任务。
2017/07/24 14:06:20 7318923	已取消一个任务。
2017/07/24 14:06:20 7489386	已取消一个任务。
2017/07/24 14:06:20 7810232	已取消一个任务。
2017/07/24 14:06:20 7980683	已取消一个任务。
2017/07/24 14:06:20 8201266	已取消一个任务。
2017/07/24 14:06:20 8582287	已取消一个任务。
2017/07/24 14:06:20 8782824	已取消一个任务。
2017/07/24 14:06:20 8953272	已取消一个任务。
2017/07/24 14:06:20 9123720	已取消一个任务。
2017/07/24 14:06:20 9434567	已取消一个任务。
2017/07/24 14:06:20 9655146	已取消一个任务。
2017/07/24 14:06:20 9986021	已取消一个任务。
2017/07/24 14:06:21 0166497	已取消一个任务。
2017/07/24 14:06:21 0437215	已取消一个任务。
2017/07/24 14:06:21 0667849	已取消一个任务。
2017/07/24 14:06:21 0848310	已取消一个任务。
2017/07/24 14:06:21 1109000	已取消一个任务。
2017/07/24 14:06:21 1299516	已取消一个任务。
2017/07/24 14:06:21 1540149	已取消一个任务。
2017/07/24 14:06:21 1861009	已取消一个任务。
2017/07/24 14:06:21 2041486	已取消一个任务。
2017/07/24 14:06:21 2362350	已取消一个任务。
2017/07/24 14:06:21 2572912	已取消一个任务。
2017/07/24 14:06:21 2933861	已取消一个任务。
2017/07/24 14:06:21 3254715	已取消一个任务。
2017/07/24 14:06:21 3425162	已取消一个任务。
2017/07/24 14:06:21 3625707	已取消一个任务。
2017/07/24 14:06:21 3936532	已取消一个任务。
2017/07/24 14:06:21 4096955	已取消一个任务。
2017/07/24 14:06:21 4267406	已取消一个任务。
2017/07/24 14:06:21 4548149	已取消一个任务。
2017/07/24 14:06:21 4828896	已取消一个任务。
2017/07/24 14:06:21 5009376	已取消一个任务。
2017/07/24 14:06:21 5390393	已取消一个任务。
2017/07/24 14:06:21 5811513	已取消一个任务。
2017/07/24 14:06:21 6042125	已取消一个任务。
2017/07/24 14:06:21 6302818	已取消一个任务。
2017/07/24 14:06:21 6493327	已取消一个任务。
2017/07/24 14:06:21 6814184	已取消一个任务。
2017/07/24 14:06:21 7155087	已取消一个任务。
2017/07/24 14:06:21 7485957	已取消一个任务。
2017/07/24 14:06:21 7686510	已取消一个任务。
2017/07/24 14:06:21 7856953	已取消一个任务。
2017/07/24 14:06:21 8147725	已取消一个任务。
2017/07/24 14:06:21 8338234	已取消一个任务。
2017/07/24 14:06:21 8498660	已取消一个任务。
2017/07/24 14:06:21 8659083	已取消一个任务。
2017/07/24 14:06:21 8929805	已取消一个任务。
2017/07/24 14:06:21 9120310	已取消一个任务。
2017/07/24 14:06:21 9471241	已取消一个任务。
2017/07/24 14:06:21 9641697	已取消一个任务。
2017/07/24 14:06:21 9802123	已取消一个任务。
2017/07/24 14:06:22 0072845	已取消一个任务。
2017/07/24 14:06:22 0243297	已取消一个任务。
2017/07/24 14:06:22 0383670	已取消一个任务。
2017/07/24 14:06:22 0544104	已取消一个任务。
2017/07/24 14:06:22 0834876	已取消一个任务。
2017/07/24 14:06:22 0975253	已取消一个任务。
2017/07/24 14:06:22 1135672	已取消一个任务。
2017/07/24 14:06:22 1416419	已取消一个任务。
2017/07/24 14:06:22 1606928	已取消一个任务。
2017/07/24 14:06:22 1857589	已取消一个任务。
2017/07/24 14:06:22 2108261	已取消一个任务。
2017/07/24 14:06:22 2268699	已取消一个任务。
2017/07/24 14:06:22 2619615	已取消一个任务。
2017/07/24 14:06:22 2830181	已取消一个任务。
2017/07/24 14:06:22 3000636	已取消一个任务。
2017/07/24 14:06:22 3301429	已取消一个任务。
2017/07/24 14:06:22 3582172	已取消一个任务。
2017/07/24 14:06:22 3862922	已取消一个任务。
2017/07/24 14:06:22 4013320	已取消一个任务。
2017/07/24 14:06:22 4153701	已取消一个任务。
2017/07/24 14:06:22 4294071	已取消一个任务。
2017/07/24 14:06:22 4554764	已取消一个任务。
2017/07/24 14:06:22 4715191	已取消一个任务。
2017/07/24 14:06:22 4845536	已取消一个任务。
2017/07/24 14:06:22 5086180	已取消一个任务。
2017/07/24 14:06:22 5306766	已取消一个任务。
2017/07/24 14:06:22 5487250	已取消一个任务。
2017/07/24 14:06:22 5727886	已取消一个任务。
2017/07/24 14:06:22 5868264	已取消一个任务。
2017/07/24 14:06:22 5998612	已取消一个任务。
2017/07/24 14:06:22 6209163	已取消一个任务。
2017/07/24 14:06:22 6339504	已取消一个任务。
2017/07/24 14:06:22 6459835	已取消一个任务。
2017/07/24 14:06:22 6580170	已取消一个任务。
2017/07/24 14:06:22 6780704	已取消一个任务。
2017/07/24 14:06:22 6901001	已取消一个任务。
2017/07/24 14:06:22 7011300	已取消一个任务。
2017/07/24 14:06:22 7201801	已取消一个任务。
2017/07/24 14:06:22 7322136	已取消一个任务。
2017/07/24 14:06:22 7452473	已取消一个任务。
2017/07/24 14:06:22 7673049	已取消一个任务。
2017/07/24 14:06:22 7853540	已取消一个任务。
2017/07/24 14:06:22 8034016	已取消一个任务。
2017/07/24 14:06:22 8244586	已取消一个任务。
2017/07/24 14:06:22 8374916	已取消一个任务。
2017/07/24 14:06:22 8505272	已取消一个任务。
2017/07/24 14:06:22 8755944	已取消一个任务。
2017/07/24 14:06:22 8876260	已取消一个任务。
2017/07/24 14:06:22 8996580	已取消一个任务。
2017/07/24 14:06:22 9277327	已取消一个任务。
2017/07/24 14:06:22 9397640	已取消一个任务。
2017/07/24 14:06:22 9538024	已取消一个任务。
2017/07/24 14:06:22 9898981	已取消一个任务。
2017/07/24 14:06:23 0049375	已取消一个任务。
2017/07/24 14:06:23 0290015	已取消一个任务。
2017/07/24 14:06:23 0420367	已取消一个任务。
2017/07/24 14:06:23 0540676	已取消一个任务。
2017/07/24 14:06:23 0661007	已取消一个任务。
2017/07/24 14:06:23 0861533	已取消一个任务。
2017/07/24 14:06:23 0991878	已取消一个任务。
2017/07/24 14:06:23 1112209	已取消一个任务。
2017/07/24 14:06:23 1232526	已取消一个任务。
2017/07/24 14:06:23 1433066	已取消一个任务。
2017/07/24 14:06:23 1563404	已取消一个任务。
2017/07/24 14:06:23 1763945	已取消一个任务。
2017/07/24 14:06:23 1894278	已取消一个任务。
2017/07/24 14:06:23 2044695	已取消一个任务。
2017/07/24 14:06:23 2265282	已取消一个任务。
2017/07/24 14:06:23 2385602	已取消一个任务。
2017/07/24 14:06:23 2505914	已取消一个任务。
2017/07/24 14:06:23 2696427	已取消一个任务。
2017/07/24 14:06:23 2816739	已取消一个任务。
2017/07/24 14:06:23 2937055	已取消一个任务。
2017/07/24 14:06:23 3157657	已取消一个任务。
2017/07/24 14:06:23 3358191	已取消一个任务。
2017/07/24 14:06:23 3648958	已取消一个任务。
2017/07/24 14:06:23 3929698	已取消一个任务。
2017/07/24 14:06:23 4240530	已取消一个任务。
2017/07/24 14:06:23 4441060	已取消一个任务。
2017/07/24 14:06:23 4611530	已取消一个任务。
2017/07/24 14:06:23 4791995	已取消一个任务。
2017/07/24 14:06:23 5032635	已取消一个任务。
2017/07/24 14:06:23 5193065	已取消一个任务。
2017/07/24 14:06:23 5333439	已取消一个任务。
2017/07/24 14:06:23 5574067	已取消一个任务。
2017/07/24 14:06:23 5734498	已取消一个任务。
2017/07/24 14:06:23 5894925	已取消一个任务。
2017/07/24 14:06:23 6566713	已取消一个任务。
2017/07/24 14:06:23 6717111	已取消一个任务。
2017/07/24 14:06:23 6867517	已取消一个任务。
2017/07/24 14:06:23 7007894	已取消一个任务。
2017/07/24 14:06:23 7238506	已取消一个任务。
2017/07/24 14:06:23 7378872	已取消一个任务。
2017/07/24 14:06:23 7519245	已取消一个任务。
2017/07/24 14:06:23 7719778	已取消一个任务。
2017/07/24 14:06:23 7840098	已取消一个任务。
2017/07/24 14:06:23 7970447	已取消一个任务。
2017/07/24 14:06:23 8181009	已取消一个任务。
2017/07/24 14:06:23 8291296	已取消一个任务。
2017/07/24 14:06:23 8411624	已取消一个任务。
2017/07/24 14:06:23 8612146	已取消一个任务。
2017/07/24 14:06:23 8722445	已取消一个任务。
2017/07/24 14:06:23 8842769	已取消一个任务。
2017/07/24 14:06:23 9033270	已取消一个任务。
2017/07/24 14:06:23 9153590	已取消一个任务。
2017/07/24 14:06:23 9263931	已取消一个任务。
2017/07/24 14:06:23 9474462	已取消一个任务。
2017/07/24 14:06:23 9604796	已取消一个任务。
2017/07/24 14:06:23 9735133	已取消一个任务。
2017/07/24 14:06:23 9925642	已取消一个任务。
2017/07/24 14:06:24 0055994	已取消一个任务。
2017/07/24 14:06:24 0186335	已取消一个任务。
2017/07/24 14:06:24 0386868	已取消一个任务。
2017/07/24 14:06:24 0507192	已取消一个任务。
2017/07/24 14:06:24 0617480	已取消一个任务。
2017/07/24 14:06:24 0808003	已取消一个任务。
2017/07/24 14:06:24 0928312	已取消一个任务。
2017/07/24 14:06:24 1048942	已取消一个任务。
2017/07/24 14:06:24 1249184	已取消一个任务。
2017/07/24 14:06:24 1419621	已取消一个任务。
2017/07/24 14:06:24 1549962	已取消一个任务。
2017/07/24 14:06:24 1670282	已取消一个任务。
2017/07/24 14:06:24 1870811	已取消一个任务。
2017/07/24 14:06:24 2001168	已取消一个任务。
2017/07/24 14:06:24 2191974	已取消一个任务。
2017/07/24 14:06:24 2342078	已取消一个任务。
2017/07/24 14:06:24 2502509	已取消一个任务。
2017/07/24 14:06:24 2723088	已取消一个任务。
2017/07/24 14:06:24 2893539	已取消一个任务。
2017/07/24 14:06:24 3013855	已取消一个任务。
2017/07/24 14:06:24 3144219	已取消一个任务。
2017/07/24 14:06:24 3354762	已取消一个任务。
2017/07/24 14:06:24 3465061	已取消一个任务。
2017/07/24 14:06:24 3595440	已取消一个任务。
2017/07/24 14:06:24 3785926	已取消一个任务。
2017/07/24 14:06:24 3906242	已取消一个任务。
2017/07/24 14:06:24 4036579	已取消一个任务。
2017/07/24 14:06:24 4227103	已取消一个任务。
2017/07/24 14:06:24 4347416	已取消一个任务。
2017/07/24 14:06:24 4588048	已取消一个任务。
2017/07/24 14:06:24 4778572	已取消一个任务。
2017/07/24 14:06:24 4949057	已取消一个任务。
2017/07/24 14:06:24 5179620	已取消一个任务。
2017/07/24 14:06:24 5330022	已取消一个任务。
2017/07/24 14:06:24 5460381	已取消一个任务。
2017/07/24 14:06:24 5650875	已取消一个任务。
2017/07/24 14:06:24 5771191	已取消一个任务。
2017/07/24 14:06:24 5881494	已取消一个任务。
2017/07/24 14:06:24 5991774	已取消一个任务。
2017/07/24 14:06:24 6182290	已取消一个任务。
2017/07/24 14:06:24 6302599	已取消一个任务。
2017/07/24 14:06:24 6432959	已取消一个任务。
2017/07/24 14:06:24 6834022	已取消一个任务。
2017/07/24 14:06:24 7004492	已取消一个任务。
2017/07/24 14:06:24 7154868	已取消一个任务。
2017/07/24 14:06:24 7415565	已取消一个任务。
2017/07/24 14:06:24 7576014	已取消一个任务。
2017/07/24 14:06:24 7706329	已取消一个任务。
2017/07/24 14:06:24 7946976	已取消一个任务。
2017/07/24 14:06:24 8077325	已取消一个任务。
2017/07/24 14:06:24 8217706	已取消一个任务。
2017/07/24 14:06:24 8448314	已取消一个任务。
2017/07/24 14:06:24 8618776	已取消一个任务。
2017/07/24 14:06:24 8739089	已取消一个任务。
2017/07/24 14:06:24 8929590	已取消一个任务。
2017/07/24 14:06:24 9049914	已取消一个任务。
2017/07/24 14:06:24 9160198	已取消一个任务。
2017/07/24 14:06:24 9280521	已取消一个任务。
2017/07/24 14:06:24 9481055	已取消一个任务。
2017/07/24 14:06:24 9611407	已取消一个任务。
2017/07/24 14:06:24 9811944	已取消一个任务。
2017/07/24 14:06:24 9932253	已取消一个任务。
2017/07/24 14:06:25 0052596	已取消一个任务。
2017/07/24 14:06:25 0263146	已取消一个任务。
2017/07/24 14:06:25 0393491	已取消一个任务。
2017/07/24 14:06:25 0503783	已取消一个任务。
2017/07/24 14:06:25 0624106	已取消一个任务。
2017/07/24 14:06:25 0854733	已取消一个任务。
2017/07/24 14:06:25 0975045	已取消一个任务。
2017/07/24 14:06:25 1155510	已取消一个任务。
2017/07/24 14:06:25 1275827	已取消一个任务。
2017/07/24 14:06:25 1386129	已取消一个任务。
2017/07/24 14:06:25 1506438	已取消一个任务。
2017/07/24 14:06:25 1706983	已取消一个任务。
2017/07/24 14:06:25 1837324	已取消一个任务。
2017/07/24 14:06:25 1967680	已取消一个任务。
2017/07/24 14:06:25 2168327	已取消一个任务。
2017/07/24 14:06:25 2298551	已取消一个任务。
2017/07/24 14:06:25 2418867	已取消一个任务。
2017/07/24 14:06:25 2629440	已取消一个任务。
2017/07/24 14:06:25 2749764	已取消一个任务。
2017/07/24 14:06:25 2880101	已取消一个任务。
2017/07/24 14:06:25 3080631	已取消一个任务。
2017/07/24 14:06:25 3221000	已取消一个任务。
2017/07/24 14:06:25 3351353	已取消一个任务。
2017/07/24 14:06:25 3561911	已取消一个任务。
2017/07/24 14:06:25 3682231	已取消一个任务。
2017/07/24 14:06:25 3802555	已取消一个任务。
2017/07/24 14:06:25 4033166	已取消一个任务。
2017/07/24 14:06:25 4153482	已取消一个任务。
2017/07/24 14:06:25 4293863	已取消一个任务。
2017/07/24 14:06:25 4494412	已取消一个任务。
2017/07/24 14:06:25 4624745	已取消一个任务。
2017/07/24 14:06:25 4765130	已取消一个任务。
2017/07/24 14:06:25 5025816	已取消一个任务。
2017/07/24 14:06:25 5156161	已取消一个任务。
2017/07/24 14:06:25 5326612	已取消一个任务。
2017/07/24 14:06:25 5607374	已取消一个任务。
2017/07/24 14:06:25 5747736	已取消一个任务。
2017/07/24 14:06:25 5888109	已取消一个任务。
2017/07/24 14:06:25 6108696	已取消一个任务。
2017/07/24 14:06:25 6229020	已取消一个任务。
2017/07/24 14:06:25 6379414	已取消一个任务。
2017/07/24 14:06:25 6620047	已取消一个任务。
2017/07/24 14:06:25 6770464	已取消一个任务。
2017/07/24 14:06:25 6920877	已取消一个任务。
2017/07/24 14:06:25 7151469	已取消一个任务。
2017/07/24 14:06:25 7382100	已取消一个任务。
2017/07/24 14:06:25 7542523	已取消一个任务。
2017/07/24 14:06:25 7773123	已取消一个任务。
2017/07/24 14:06:25 7883411	已取消一个任务。
2017/07/24 14:06:25 8003716	已取消一个任务。
2017/07/24 14:06:25 8194228	已取消一个任务。
2017/07/24 14:06:25 8324584	已取消一个任务。
2017/07/24 14:06:25 8444908	已取消一个任务。
2017/07/24 14:06:25 8645434	已取消一个任务。
2017/07/24 14:06:25 8765761	已取消一个任务。
2017/07/24 14:06:25 8876053	已取消一个任务。
2017/07/24 14:06:25 8996384	已取消一个任务。
2017/07/24 14:06:25 9186874	已取消一个任务。
2017/07/24 14:06:25 9317234	已取消一个任务。
2017/07/24 14:06:25 9557881	已取消一个任务。
2017/07/24 14:06:25 9678182	已取消一个任务。
2017/07/24 14:06:25 9798502	已取消一个任务。
2017/07/24 14:06:25 9989003	已取消一个任务。
2017/07/24 14:06:26 0119356	已取消一个任务。
2017/07/24 14:06:26 0229647	已取消一个任务。
2017/07/24 14:06:26 0359992	已取消一个任务。
2017/07/24 14:06:26 0560525	已取消一个任务。
2017/07/24 14:06:26 0680868	已取消一个任务。
2017/07/24 14:06:26 0871354	已取消一个任务。
2017/07/24 14:06:26 1011731	已取消一个任务。
2017/07/24 14:06:26 1132051	已取消一个任务。
2017/07/24 14:06:26 1252367	已取消一个任务。
2017/07/24 14:06:26 1432840	已取消一个任务。
2017/07/24 14:06:26 1563204	已取消一个任务。
2017/07/24 14:06:26 1773758	已取消一个任务。
2017/07/24 14:06:26 1904103	已取消一个任务。
2017/07/24 14:06:26 2024419	已取消一个任务。
2017/07/24 14:06:26 2224956	已取消一个任务。
2017/07/24 14:06:26 2345272	已取消一个任务。
2017/07/24 14:06:26 2465589	已取消一个任务。
2017/07/24 14:06:26 2575880	已取消一个任务。
2017/07/24 14:06:26 2776414	已取消一个任务。
2017/07/24 14:06:26 2896745	已取消一个任务。
2017/07/24 14:06:26 3017061	已取消一个任务。
2017/07/24 14:06:26 3217594	已取消一个任务。
2017/07/24 14:06:26 3337918	已取消一个任务。
2017/07/24 14:06:26 3448206	已取消一个任务。
2017/07/24 14:06:26 3658768	已取消一个任务。
2017/07/24 14:06:26 3789109	已取消一个任务。
2017/07/24 14:06:26 3919469	已取消一个任务。
2017/07/24 14:06:26 4109981	已取消一个任务。
2017/07/24 14:06:26 4220265	已取消一个任务。
2017/07/24 14:06:26 4340593	已取消一个任务。
2017/07/24 14:06:26 4551140	已取消一个任务。
2017/07/24 14:06:26 4671463	已取消一个任务。
2017/07/24 14:06:26 4801831	已取消一个任务。
2017/07/24 14:06:26 4992317	已取消一个任务。
2017/07/24 14:06:26 5122680	已取消一个任务。
2017/07/24 14:06:26 5253010	已取消一个任务。
2017/07/24 14:06:26 5463568	已取消一个任务。
2017/07/24 14:06:26 5603953	已取消一个任务。
2017/07/24 14:06:26 5724311	已取消一个任务。
2017/07/24 14:06:26 5924799	已取消一个任务。
2017/07/24 14:06:26 6105286	已取消一个任务。
2017/07/24 14:06:26 6245656	已取消一个任务。
2017/07/24 14:06:26 6426136	已取消一个任务。
2017/07/24 14:06:26 6556492	已取消一个任务。
2017/07/24 14:06:26 6686826	已取消一个任务。
2017/07/24 14:06:26 6897384	已取消一个任务。
2017/07/24 14:06:26 7017704	已取消一个任务。
2017/07/24 14:06:26 7148071	已取消一个任务。
2017/07/24 14:06:26 7348586	已取消一个任务。
2017/07/24 14:06:26 7468921	已取消一个任务。
2017/07/24 14:06:26 7589222	已取消一个任务。
2017/07/24 14:06:26 7789755	已取消一个任务。
2017/07/24 14:06:26 7930132	已取消一个任务。
2017/07/24 14:06:26 8060485	已取消一个任务。
2017/07/24 14:06:26 8261014	已取消一个任务。
2017/07/24 14:06:26 8381633	已取消一个任务。
2017/07/24 14:06:26 8501662	已取消一个任务。
2017/07/24 14:06:26 8631996	已取消一个任务。
2017/07/24 14:06:26 8822508	已取消一个任务。
2017/07/24 14:06:26 8942824	已取消一个任务。
2017/07/24 14:06:26 9073169	已取消一个任务。
2017/07/24 14:06:26 9263681	已取消一个任务。
2017/07/24 14:06:26 9383998	已取消一个任务。
2017/07/24 14:06:26 9514339	已取消一个任务。
2017/07/24 14:06:26 9714879	已取消一个任务。
2017/07/24 14:06:26 9835211	已取消一个任务。
2017/07/24 14:06:27 0055790	已取消一个任务。
2017/07/24 14:06:27 0266359	已取消一个任务。
2017/07/24 14:06:27 0386668	已取消一个任务。
2017/07/24 14:06:27 0517009	已取消一个任务。
2017/07/24 14:06:27 0707514	已取消一个任务。
2017/07/24 14:06:27 0827830	已取消一个任务。
2017/07/24 14:06:27 0948154	已取消一个任务。
2017/07/24 14:06:27 1148691	已取消一个任务。
2017/07/24 14:06:27 1279055	已取消一个任务。
2017/07/24 14:06:27 1399371	已取消一个任务。
2017/07/24 14:06:27 1589865	已取消一个任务。
2017/07/24 14:06:27 1710192	已取消一个任务。
2017/07/24 14:06:27 1840537	已取消一个任务。
2017/07/24 14:06:27 2061116	已取消一个任务。
2017/07/24 14:06:27 2191465	已取消一个任务。
2017/07/24 14:06:27 2331842	已取消一个任务。
2017/07/24 14:06:27 2542408	已取消一个任务。
2017/07/24 14:06:27 2682770	已取消一个任务。
2017/07/24 14:06:27 2803090	已取消一个任务。
2017/07/24 14:06:27 2993859	已取消一个任务。
2017/07/24 14:06:27 3133972	已取消一个任务。
2017/07/24 14:06:27 3254288	已取消一个任务。
2017/07/24 14:06:27 3444800	已取消一个任务。
2017/07/24 14:06:27 3565120	已取消一个任务。
2017/07/24 14:06:27 3685769	已取消一个任务。
2017/07/24 14:06:27 3805753	已取消一个任务。
2017/07/24 14:06:27 4006294	已取消一个任务。
2017/07/24 14:06:27 4126633	已取消一个任务。
2017/07/24 14:06:27 4256966	已取消一个任务。
2017/07/24 14:06:27 4497599	已取消一个任务。
2017/07/24 14:06:27 4637968	已取消一个任务。
2017/07/24 14:06:27 4768328	已取消一个任务。
2017/07/24 14:06:27 4958837	已取消一个任务。
2017/07/24 14:06:27 5079142	已取消一个任务。
2017/07/24 14:06:27 5189448	已取消一个任务。
2017/07/24 14:06:27 5389970	已取消一个任务。
2017/07/24 14:06:27 5510294	已取消一个任务。
2017/07/24 14:06:27 5640635	已取消一个任务。
2017/07/24 14:06:27 5750938	已取消一个任务。
2017/07/24 14:06:27 5941443	已取消一个任务。
2017/07/24 14:06:27 6071787	已取消一个任务。
2017/07/24 14:06:27 6192100	已取消一个任务。
2017/07/24 14:06:27 6402662	已取消一个任务。
2017/07/24 14:06:27 6543050	已取消一个任务。
2017/07/24 14:06:27 6773654	已取消一个任务。
2017/07/24 14:06:27 6904003	已取消一个任务。
2017/07/24 14:06:27 7034351	已取消一个任务。
2017/07/24 14:06:27 7234877	已取消一个任务。
2017/07/24 14:06:27 7365237	已取消一个任务。
2017/07/24 14:06:27 7485550	已取消一个任务。
2017/07/24 14:06:27 7605870	已取消一个任务。
2017/07/24 14:06:27 7816424	已取消一个任务。
2017/07/24 14:06:27 7936744	已取消一个任务。
2017/07/24 14:06:27 8057060	已取消一个任务。
2017/07/24 14:06:27 8257616	已取消一个任务。
2017/07/24 14:06:27 8377917	已取消一个任务。
2017/07/24 14:06:27 8498241	已取消一个任务。
2017/07/24 14:06:27 8718824	已取消一个任务。
2017/07/24 14:06:27 8869230	已取消一个任务。
2017/07/24 14:06:27 8989542	已取消一个任务。
2017/07/24 14:06:27 9180051	已取消一个任务。
2017/07/24 14:06:27 9300367	已取消一个任务。
2017/07/24 14:06:27 9421034	已取消一个任务。
2017/07/24 14:06:27 9631275	已取消一个任务。
2017/07/24 14:06:27 9751569	已取消一个任务。
2017/07/24 14:06:27 9871893	已取消一个任务。
2017/07/24 14:06:28 0072426	已取消一个任务。
2017/07/24 14:06:28 0202790	已取消一个任务。
2017/07/24 14:06:28 0323106	已取消一个任务。
2017/07/24 14:06:28 0443411	已取消一个任务。
2017/07/24 14:06:28 0634226	已取消一个任务。
2017/07/24 14:06:28 0774304	已取消一个任务。
2017/07/24 14:06:28 0974830	已取消一个任务。
2017/07/24 14:06:28 1105198	已取消一个任务。
2017/07/24 14:06:28 1225503	已取消一个任务。
2017/07/24 14:06:28 1345815	已取消一个任务。
2017/07/24 14:06:28 1536327	已取消一个任务。
2017/07/24 14:06:28 1666676	已取消一个任务。
2017/07/24 14:06:28 1867198	已取消一个任务。
2017/07/24 14:06:28 2017600	已取消一个任务。
2017/07/24 14:06:28 2147949	已取消一个任务。
2017/07/24 14:06:28 2328421	已取消一个任务。
2017/07/24 14:06:28 2458788	已取消一个任务。
2017/07/24 14:06:28 2579108	已取消一个任务。
2017/07/24 14:06:28 2779627	已取消一个任务。
2017/07/24 14:06:28 2909972	已取消一个任务。
2017/07/24 14:06:28 3040320	已取消一个任务。
2017/07/24 14:06:28 3260903	已取消一个任务。
2017/07/24 14:06:28 3381231	已取消一个任务。
2017/07/24 14:06:28 3501539	已取消一个任务。
2017/07/24 14:06:28 3631918	已取消一个任务。
2017/07/24 14:06:28 3822725	已取消一个任务。
2017/07/24 14:06:28 3942747	已取消一个任务。
2017/07/24 14:06:28 4063040	已取消一个任务。
2017/07/24 14:06:28 4253885	已取消一个任务。
2017/07/24 14:06:28 4383897	已取消一个任务。
2017/07/24 14:06:28 4504520	已取消一个任务。
2017/07/24 14:06:28 4704758	已取消一个任务。
2017/07/24 14:06:28 4825078	已取消一个任务。
2017/07/24 14:06:28 4975507	已取消一个任务。
2017/07/24 14:06:28 5196052	已取消一个任务。
2017/07/24 14:06:28 5326416	已取消一个任务。
2017/07/24 14:06:28 5436960	已取消一个任务。
2017/07/24 14:06:28 5567052	已取消一个任务。
2017/07/24 14:06:28 5777859	已取消一个任务。
2017/07/24 14:06:28 5897930	已取消一个任务。
2017/07/24 14:06:28 6018269	已取消一个任务。
2017/07/24 14:06:28 6218776	已取消一个任务。
2017/07/24 14:06:28 6339085	已取消一个任务。
2017/07/24 14:06:28 6469448	已取消一个任务。
2017/07/24 14:06:28 6680010	已取消一个任务。
2017/07/24 14:06:28 6810348	已取消一个任务。
2017/07/24 14:06:28 6930973	已取消一个任务。
2017/07/24 14:06:28 7181355	已取消一个任务。
2017/07/24 14:06:28 7391898	已取消一个任务。
2017/07/24 14:06:28 7602479	已取消一个任务。
2017/07/24 14:06:28 7722776	已取消一个任务。
2017/07/24 14:06:28 7853117	已取消一个任务。
2017/07/24 14:06:28 7973596	已取消一个任务。
2017/07/24 14:06:28 8173986	已取消一个任务。
2017/07/24 14:06:28 8304315	已取消一个任务。
2017/07/24 14:06:28 8434668	已取消一个任务。
2017/07/24 14:06:28 8625188	已取消一个任务。
2017/07/24 14:06:28 8755525	已取消一个任务。
2017/07/24 14:06:28 8866145	已取消一个任务。
2017/07/24 14:06:28 9046289	已取消一个任务。
2017/07/24 14:06:28 9176649	已取消一个任务。
2017/07/24 14:06:28 9327043	已取消一个任务。
2017/07/24 14:06:28 9547634	已取消一个任务。
2017/07/24 14:06:28 9687999	已取消一个任务。
2017/07/24 14:06:28 9818378	已取消一个任务。
2017/07/24 14:06:29 0018878	已取消一个任务。
2017/07/24 14:06:29 0139198	已取消一个任务。
2017/07/24 14:06:29 0259533	已取消一个任务。
2017/07/24 14:06:29 0450023	已取消一个任务。
2017/07/24 14:06:29 0580375	已取消一个任务。
2017/07/24 14:06:29 0700691	已取消一个任务。
2017/07/24 14:06:29 0881171	已取消一个任务。
2017/07/24 14:06:29 1031633	已取消一个任务。
2017/07/24 14:06:29 1161941	已取消一个任务。
2017/07/24 14:06:29 1302299	已取消一个任务。
2017/07/24 14:06:29 1522878	已取消一个任务。
2017/07/24 14:06:29 1653227	已取消一个任务。
2017/07/24 14:06:29 1853764	已取消一个任务。
2017/07/24 14:06:29 2004173	已取消一个任务。
2017/07/24 14:06:29 2124486	已取消一个任务。
2017/07/24 14:06:29 2314987	已取消一个任务。
2017/07/24 14:06:29 2455364	已取消一个任务。
2017/07/24 14:06:29 2585709	已取消一个任务。
2017/07/24 14:06:29 2816320	已取消一个任务。
2017/07/24 14:06:29 2946691	已取消一个任务。
2017/07/24 14:06:29 3077013	已取消一个任务。
2017/07/24 14:06:29 3287579	已取消一个任务。
2017/07/24 14:06:29 3417916	已取消一个任务。
2017/07/24 14:06:29 3558297	已取消一个任务。
2017/07/24 14:06:29 3798945	已取消一个任务。
2017/07/24 14:06:29 3999463	已取消一个任务。
2017/07/24 14:06:29 4129816	已取消一个任务。
2017/07/24 14:06:29 4260172	已取消一个任务。
2017/07/24 14:06:29 4470726	已取消一个任务。
2017/07/24 14:06:29 4601078	已取消一个任务。
2017/07/24 14:06:29 4721383	已取消一个任务。
2017/07/24 14:06:29 4921924	已取消一个任务。
2017/07/24 14:06:29 5052258	已取消一个任务。
2017/07/24 14:06:29 5182614	已取消一个任务。
2017/07/24 14:06:29 5312962	已取消一个任务。
2017/07/24 14:06:29 5523521	已取消一个任务。
2017/07/24 14:06:29 5653869	已取消一个任务。
2017/07/24 14:06:29 5784214	已取消一个任务。
2017/07/24 14:06:29 5994772	已取消一个任务。
2017/07/24 14:06:29 6115092	已取消一个任务。
2017/07/24 14:06:29 6235412	已取消一个任务。
2017/07/24 14:06:29 6405864	已取消一个任务。
2017/07/24 14:06:29 6536216	已取消一个任务。
2017/07/24 14:06:29 6656528	已取消一个任务。
2017/07/24 14:06:29 6877123	已取消一个任务。
2017/07/24 14:06:29 7007464	已取消一个任务。
2017/07/24 14:06:29 7127784	已取消一个任务。
2017/07/24 14:06:29 7328321	已取消一个任务。
2017/07/24 14:06:29 7458670	已取消一个任务。
2017/07/24 14:06:29 7578993	已取消一个任务。
2017/07/24 14:06:29 7779523	已取消一个任务。
2017/07/24 14:06:29 7919892	已取消一个任务。
2017/07/24 14:06:29 8060266	已取消一个任务。
2017/07/24 14:06:29 8260814	已取消一个任务。
2017/07/24 14:06:29 8381134	已取消一个任务。
2017/07/24 14:06:29 8501447	已取消一个任务。
2017/07/24 14:06:29 8691955	已取消一个任务。
2017/07/24 14:06:29 8812359	已取消一个任务。
2017/07/24 14:06:29 8932592	已取消一个任务。
2017/07/24 14:06:29 9143146	已取消一个任务。
2017/07/24 14:06:29 9263489	已取消一个任务。
2017/07/24 14:06:29 9433921	已取消一个任务。
2017/07/24 14:06:29 9564270	已取消一个任务。
2017/07/24 14:06:29 9684609	已取消一个任务。
2017/07/24 14:06:29 9804929	已取消一个任务。
2017/07/24 14:06:30 0045554	已取消一个任务。
2017/07/24 14:06:30 0185920	已取消一个任务。
2017/07/24 14:06:30 0306255	已取消一个任务。
2017/07/24 14:06:30 0496763	已取消一个任务。
2017/07/24 14:06:30 0617068	已取消一个任务。
2017/07/24 14:06:30 0737384	已取消一个任务。
2017/07/24 14:06:30 0927897	已取消一个任务。
2017/07/24 14:06:30 1058242	已取消一个任务。
2017/07/24 14:06:30 1188590	已取消一个任务。
2017/07/24 14:06:30 1369066	已取消一个任务。
2017/07/24 14:06:30 1499415	已取消一个任务。
2017/07/24 14:06:30 1619746	已取消一个任务。
2017/07/24 14:06:30 1740051	已取消一个任务。
2017/07/24 14:06:30 1940600	已取消一个任务。
2017/07/24 14:06:30 2070941	已取消一个任务。
2017/07/24 14:06:30 2321606	已取消一个任务。
2017/07/24 14:06:30 2472019	已取消一个任务。
2017/07/24 14:06:30 2612377	已取消一个任务。
2017/07/24 14:06:30 2732697	已取消一个任务。
2017/07/24 14:06:30 2943255	已取消一个任务。
2017/07/24 14:06:30 3073627	已取消一个任务。
2017/07/24 14:06:30 3274145	已取消一个任务。
2017/07/24 14:06:30 3394454	已取消一个任务。
2017/07/24 14:06:30 3504753	已取消一个任务。
2017/07/24 14:06:30 3625069	已取消一个任务。
2017/07/24 14:06:30 3815891	已取消一个任务。
2017/07/24 14:06:30 3935890	已取消一个任务。
2017/07/24 14:06:30 4086296	已取消一个任务。
2017/07/24 14:06:30 4306909	已取消一个任务。
2017/07/24 14:06:30 4487370	已取消一个任务。
2017/07/24 14:06:30 4697924	已取消一个任务。
2017/07/24 14:06:30 4818244	已取消一个任务。
2017/07/24 14:06:30 4928532	已取消一个任务。
2017/07/24 14:06:30 5129069	已取消一个任务。
2017/07/24 14:06:30 5249385	已取消一个任务。
2017/07/24 14:06:30 5359692	已取消一个任务。
2017/07/24 14:06:30 5490029	已取消一个任务。
2017/07/24 14:06:30 5680549	已取消一个任务。
2017/07/24 14:06:30 5800858	已取消一个任务。
2017/07/24 14:06:30 5911164	已取消一个任务。
2017/07/24 14:06:30 6111683	已取消一个任务。
2017/07/24 14:06:30 6221970	已取消一个任务。
2017/07/24 14:06:30 6352330	已取消一个任务。
2017/07/24 14:06:30 6562881	已取消一个任务。
2017/07/24 14:06:30 6703258	已取消一个任务。
2017/07/24 14:06:30 6833603	已取消一个任务。
2017/07/24 14:06:30 7034155	已取消一个任务。
2017/07/24 14:06:30 7154467	已取消一个任务。
2017/07/24 14:06:30 7274776	已取消一个任务。
2017/07/24 14:06:30 7445235	已取消一个任务。
2017/07/24 14:06:30 7575576	已取消一个任务。
2017/07/24 14:06:30 7695896	已取消一个任务。
2017/07/24 14:06:30 7806199	已取消一个任务。
2017/07/24 14:06:30 8006725	已取消一个任务。
2017/07/24 14:06:30 8127041	已取消一个任务。
2017/07/24 14:06:30 8247365	已取消一个任务。
2017/07/24 14:06:30 8437870	已取消一个任务。
2017/07/24 14:06:30 8568215	已取消一个任务。
2017/07/24 14:06:30 8768755	已取消一个任务。
2017/07/24 14:06:30 8899108	已取消一个任务。
2017/07/24 14:06:30 9029456	已取消一个任务。
2017/07/24 14:06:30 9149776	已取消一个任务。
2017/07/24 14:06:30 9350298	已取消一个任务。
2017/07/24 14:06:30 9470618	已取消一个任务。
2017/07/24 14:06:30 9671152	已取消一个任务。
2017/07/24 14:06:30 9811525	已取消一个任务。
2017/07/24 14:06:30 9931857	已取消一个任务。
2017/07/24 14:06:31 0062182	已取消一个任务。
2017/07/24 14:06:31 0292809	已取消一个任务。
2017/07/24 14:06:31 0413129	已取消一个任务。
2017/07/24 14:06:31 0533460	已取消一个任务。
2017/07/24 14:06:31 0764061	已取消一个任务。
2017/07/24 14:06:31 0894402	已取消一个任务。
2017/07/24 14:06:31 1014737	已取消一个任务。
2017/07/24 14:06:31 1145070	已取消一个任务。
2017/07/24 14:06:31 1335583	已取消一个任务。
2017/07/24 14:06:31 1456216	已取消一个任务。
2017/07/24 14:06:31 1576211	已取消一个任务。
2017/07/24 14:06:31 1796824	已取消一个任务。
2017/07/24 14:06:31 1907089	已取消一个任务。
2017/07/24 14:06:31 2037751	已取消一个任务。
2017/07/24 14:06:31 2248011	已取消一个任务。
2017/07/24 14:06:31 2368320	已取消一个任务。
2017/07/24 14:06:31 2488640	已取消一个任务。
2017/07/24 14:06:31 2699206	已取消一个任务。
2017/07/24 14:06:31 2819526	已取消一个任务。
2017/07/24 14:06:31 2949871	已取消一个任务。
2017/07/24 14:06:31 3150400	已取消一个任务。
2017/07/24 14:06:31 3290777	已取消一个任务。
2017/07/24 14:06:31 3411094	已取消一个任务。
2017/07/24 14:06:31 3611646	已取消一个任务。
2017/07/24 14:06:31 3731962	已取消一个任务。
2017/07/24 14:06:31 3852271	已取消一个任务。
2017/07/24 14:06:31 4052804	已取消一个任务。
2017/07/24 14:06:31 4193177	已取消一个任务。
2017/07/24 14:06:31 4333555	已取消一个任务。
2017/07/24 14:06:31 4544124	已取消一个任务。
2017/07/24 14:06:31 4664440	已取消一个任务。
2017/07/24 14:06:31 4804810	已取消一个任务。
2017/07/24 14:06:31 5045454	已取消一个任务。
2017/07/24 14:06:31 5185812	已取消一个任务。
2017/07/24 14:06:31 5326197	已取消一个任务。
2017/07/24 14:06:31 5456545	已取消一个任务。
2017/07/24 14:06:31 5667111	已取消一个任务。
2017/07/24 14:06:31 5807477	已取消一个任务。
2017/07/24 14:06:31 5937818	已取消一个任务。
2017/07/24 14:06:31 6148395	已取消一个任务。
2017/07/24 14:06:31 6278736	已取消一个任务。
2017/07/24 14:06:31 6399056	已取消一个任务。
2017/07/24 14:06:31 6629664	已取消一个任务。
2017/07/24 14:06:31 6770041	已取消一个任务。
2017/07/24 14:06:31 6920435	已取消一个任务。
2017/07/24 14:06:31 7261338	已取消一个任务。
2017/07/24 14:06:31 7451850	已取消一个任务。
2017/07/24 14:06:31 7572163	已取消一个任务。
2017/07/24 14:06:31 7692487	已取消一个任务。
2017/07/24 14:06:31 7882995	已取消一个任务。
2017/07/24 14:06:31 8013359	已取消一个任务。
2017/07/24 14:06:31 8143692	已取消一个任务。
2017/07/24 14:06:31 8364279	已取消一个任务。
2017/07/24 14:06:31 8504645	已取消一个任务。
2017/07/24 14:06:31 8624965	已取消一个任务。
2017/07/24 14:06:31 8745289	已取消一个任务。
2017/07/24 14:06:31 8935805	已取消一个任务。
2017/07/24 14:06:31 9086203	已取消一个任务。
2017/07/24 14:06:31 9296761	已取消一个任务。
2017/07/24 14:06:31 9427102	已取消一个任务。
2017/07/24 14:06:31 9557534	已取消一个任务。
2017/07/24 14:06:31 9747948	已取消一个任务。
2017/07/24 14:06:31 9868264	已取消一个任务。
2017/07/24 14:06:31 9998632	已取消一个任务。
2017/07/24 14:06:32 0118952	已取消一个任务。
2017/07/24 14:06:32 0309449	已取消一个任务。
2017/07/24 14:06:32 0429777	已取消一个任务。
2017/07/24 14:06:32 0550085	已取消一个任务。
2017/07/24 14:06:32 0730577	已取消一个任务。
2017/07/24 14:06:32 0860914	已取消一个任务。
2017/07/24 14:06:32 0981268	已取消一个任务。
2017/07/24 14:06:32 1101565	已取消一个任务。
2017/07/24 14:06:32 1322148	已取消一个任务。
2017/07/24 14:06:32 1442457	已取消一个任务。
2017/07/24 14:06:32 1632962	已取消一个任务。
2017/07/24 14:06:32 1753286	已取消一个任务。
2017/07/24 14:06:32 1873606	已取消一个任务。
2017/07/24 14:06:32 2074143	已取消一个任务。
2017/07/24 14:06:32 2194787	已取消一个任务。
2017/07/24 14:06:32 2334832	已取消一个任务。
2017/07/24 14:06:32 2525337	已取消一个任务。
2017/07/24 14:06:32 2655686	已取消一个任务。
2017/07/24 14:06:32 2776017	已取消一个任务。
2017/07/24 14:06:32 2896326	已取消一个任务。
2017/07/24 14:06:32 3106918	已取消一个任务。
2017/07/24 14:06:32 3227211	已取消一个任务。
2017/07/24 14:06:32 3467848	已取消一个任务。
2017/07/24 14:06:32 3618242	已取消一个任务。
2017/07/24 14:06:32 3748594	已取消一个任务。
2017/07/24 14:06:32 3939099	已取消一个任务。
2017/07/24 14:06:32 4069448	已取消一个任务。
2017/07/24 14:06:32 4189760	已取消一个任务。
2017/07/24 14:06:32 4390313	已取消一个任务。
2017/07/24 14:06:32 4550743	已取消一个任务。
2017/07/24 14:06:32 4681379	已取消一个任务。
2017/07/24 14:06:32 4811425	已取消一个任务。
2017/07/24 14:06:32 5011955	已取消一个任务。
2017/07/24 14:06:32 5132279	已取消一个任务。
2017/07/24 14:06:32 5252621	已取消一个任务。
2017/07/24 14:06:32 5463157	已取消一个任务。
2017/07/24 14:06:32 5613555	已取消一个任务。
2017/07/24 14:06:32 5733875	已取消一个任务。
2017/07/24 14:06:32 5914347	已取消一个任务。
2017/07/24 14:06:32 6044722	已取消一个任务。
2017/07/24 14:06:32 6165027	已取消一个任务。
2017/07/24 14:06:32 6365546	已取消一个任务。
2017/07/24 14:06:32 6505919	已取消一个任务。
2017/07/24 14:06:32 6636267	已取消一个任务。
2017/07/24 14:06:32 6886951	已取消一个任务。
2017/07/24 14:06:32 7027309	已取消一个任务。
2017/07/24 14:06:32 7157809	已取消一个任务。
2017/07/24 14:06:32 7358191	已取消一个任务。
2017/07/24 14:06:32 7488540	已取消一个任务。
2017/07/24 14:06:32 7628913	已取消一个任务。
2017/07/24 14:06:32 7849504	已取消一个任务。
2017/07/24 14:06:32 7969831	已取消一个任务。
2017/07/24 14:06:32 8100210	已取消一个任务。
2017/07/24 14:06:32 8300702	已取消一个任务。
2017/07/24 14:06:32 8431047	已取消一个任务。
2017/07/24 14:06:32 8551371	已取消一个任务。
2017/07/24 14:06:32 8751900	已取消一个任务。
2017/07/24 14:06:32 8882245	已取消一个任务。
2017/07/24 14:06:32 9012590	已取消一个任务。
2017/07/24 14:06:32 9193413	已取消一个任务。
2017/07/24 14:06:32 9323422	已取消一个任务。
2017/07/24 14:06:32 9433744	已取消一个任务。
2017/07/24 14:06:32 9654300	已取消一个任务。
2017/07/24 14:06:32 9784653	已取消一个任务。
2017/07/24 14:06:32 9904984	已取消一个任务。
2017/07/24 14:06:33 0135584	已取消一个任务。
2017/07/24 14:06:33 0255900	已取消一个任务。
2017/07/24 14:06:33 0376221	已取消一个任务。
2017/07/24 14:06:33 0576754	已取消一个任务。
2017/07/24 14:06:33 0697074	已取消一个任务。
2017/07/24 14:06:33 0817394	已取消一个任务。
2017/07/24 14:06:33 1007895	已取消一个任务。
2017/07/24 14:06:33 1138244	已取消一个任务。
2017/07/24 14:06:33 1258571	已取消一个任务。
2017/07/24 14:06:33 1378914	已取消一个任务。
2017/07/24 14:06:33 1579413	已取消一个任务。
2017/07/24 14:06:33 1709769	已取消一个任务。
2017/07/24 14:06:33 1940388	已取消一个任务。
2017/07/24 14:06:33 2100823	已取消一个任务。
2017/07/24 14:06:33 2251209	已取消一个任务。
2017/07/24 14:06:33 2371522	已取消一个任务。
2017/07/24 14:06:33 2582084	已取消一个任务。
2017/07/24 14:06:33 2702419	已取消一个任务。
2017/07/24 14:06:33 2822743	已取消一个任务。
2017/07/24 14:06:33 2943048	已取消一个任务。
2017/07/24 14:06:33 3063364	已取消一个任务。
2017/07/24 14:06:33 3283962	已取消一个任务。
2017/07/24 14:06:33 3404274	已取消一个任务。
2017/07/24 14:06:33 3524598	已取消一个任务。
2017/07/24 14:06:33 3725132	已取消一个任务。
2017/07/24 14:06:33 3845467	已取消一个任务。
2017/07/24 14:06:33 3975804	已取消一个任务。
2017/07/24 14:06:33 4216452	已取消一个任务。
2017/07/24 14:06:33 4386911	已取消一个任务。
2017/07/24 14:06:33 4597461	已取消一个任务。
2017/07/24 14:06:33 4727806	已取消一个任务。
2017/07/24 14:06:33 4858139	已取消一个任务。
2017/07/24 14:06:33 5068698	已取消一个任务。
2017/07/24 14:06:33 5199054	已取消一个任务。
2017/07/24 14:06:33 5319370	已取消一个任务。
2017/07/24 14:06:33 5539957	已取消一个任务。
2017/07/24 14:06:33 5670298	已取消一个任务。
2017/07/24 14:06:33 5800650	已取消一个任务。
2017/07/24 14:06:33 6011208	已取消一个任务。
2017/07/24 14:06:33 6141557	已取消一个任务。
2017/07/24 14:06:33 6271909	已取消一个任务。
2017/07/24 14:06:33 6492492	已取消一个任务。
2017/07/24 14:06:33 6622829	已取消一个任务。
2017/07/24 14:06:33 6783271	已取消一个任务。
2017/07/24 14:06:33 6983805	已取消一个任务。
2017/07/24 14:06:33 7104117	已取消一个任务。
2017/07/24 14:06:33 7234469	已取消一个任务。
2017/07/24 14:06:33 7434995	已取消一个任务。
2017/07/24 14:06:33 7555319	已取消一个任务。
2017/07/24 14:06:33 7675628	已取消一个任务。
2017/07/24 14:06:33 7886205	已取消一个任务。
2017/07/24 14:06:33 8006506	已取消一个任务。
2017/07/24 14:06:33 8126830	已取消一个任务。
2017/07/24 14:06:33 8337399	已取消一个任务。
2017/07/24 14:06:33 8487812	已取消一个任务。
2017/07/24 14:06:33 8718409	已取消一个任务。
2017/07/24 14:06:33 8858778	已取消一个任务。
2017/07/24 14:06:33 9129496	已取消一个任务。
2017/07/24 14:07:43 5060542	--------------------------------------------------
2017/07/24 14:07:43 8730287	缓存托盘个数:6
2017/07/24 14:07:44 2630667	程序启动时,线体有托盘
2017/07/24 14:07:46 9792899	已取消一个任务。
2017/07/24 14:08:04 5780993	--------------------------------------------------
2017/07/24 14:08:05 2639227	缓存托盘个数:6
2017/07/24 14:08:05 7291609	程序启动时,线体有托盘
2017/07/24 14:08:10 8898855	已取消一个任务。
2017/07/24 14:11:12 6152329	--------------------------------------------------
2017/07/24 14:11:13 1807378	缓存托盘个数:6
2017/07/24 14:11:13 8455050	程序启动时,线体有托盘
2017/07/24 14:11:33 7995783	--------------------------------------------------
2017/07/24 14:11:34 4904148	缓存托盘个数:6
2017/07/24 14:11:34 7972320	程序启动时,线体有托盘
2017/07/24 14:14:07 8628733	--------------------------------------------------
2017/07/24 14:14:08 2368682	缓存托盘个数:6
2017/07/24 14:14:08 6138717	程序启动时,线体有托盘
2017/07/24 14:14:11 1666604	已取消一个任务。
2017/07/24 14:14:41 6507414	--------------------------------------------------
2017/07/24 14:14:41 8703249	缓存托盘个数:6
2017/07/24 14:14:42 2383046	程序启动时,线体有托盘
2017/07/24 14:14:46 4705616	--------------------------------------------------
2017/07/24 14:14:46 5477920	缓存托盘个数:6
2017/07/24 14:14:46 6139726	程序启动时,线体有托盘
2017/07/24 14:14:54 7579001	--------------------------------------------------
2017/07/24 14:14:54 8300562	缓存托盘个数:6
2017/07/24 14:15:21 8017965	--------------------------------------------------
2017/07/24 14:15:22 2058862	缓存托盘个数:6
2017/07/24 14:15:22 4655620	程序启动时,线体有托盘
2017/07/24 14:15:51 7940467	--------------------------------------------------
2017/07/24 14:15:52 2402181	缓存托盘个数:6
2017/07/24 14:15:52 5941605	程序启动时,线体有托盘
2017/07/24 14:15:54 5794397	--------------------------------------------------
2017/07/24 14:15:54 6686769	缓存托盘个数:6
2017/07/24 14:15:54 7398672	程序启动时,线体有托盘
2017/07/24 14:15:58 0542666	--------------------------------------------------
2017/07/24 14:15:58 1374862	缓存托盘个数:6
2017/07/24 14:15:58 2076495	程序启动时,线体有托盘
2017/07/24 14:16:00 3823680	--------------------------------------------------
2017/07/24 14:16:00 4635582	缓存托盘个数:6
2017/07/24 14:16:00 5307673	程序启动时,线体有托盘
2017/07/24 14:16:02 5185597	--------------------------------------------------
2017/07/24 14:16:02 6017793	缓存托盘个数:6
2017/07/24 14:16:02 6609376	程序启动时,线体有托盘
2017/07/24 14:16:05 2661708	--------------------------------------------------
2017/07/24 14:16:05 3523971	缓存托盘个数:6
2017/07/24 14:16:05 4145644	程序启动时,线体有托盘
2017/07/24 14:16:15 5152332	已取消一个任务。
2017/07/24 14:40:10 9759136	--------------------------------------------------
2017/07/24 14:40:11 2406176	缓存托盘个数:6
2017/07/24 14:40:11 5544529	程序启动时,线体有托盘
2017/07/24 14:41:53 1509372	--------------------------------------------------
2017/07/24 14:41:53 5720576	缓存托盘个数:6
2017/07/24 14:41:53 9259992	程序启动时,线体有托盘
2017/07/24 14:48:24 1024493	--------------------------------------------------
2017/07/24 14:48:24 7521771	缓存托盘个数:6
2017/07/24 14:48:25 2093932	程序启动时,线体有托盘
2017/07/24 14:58:21 6949528	--------------------------------------------------
2017/07/24 14:58:22 0127980	缓存托盘个数:6
2017/07/24 14:58:22 4980899	程序启动时,线体有托盘
2017/07/24 15:01:04 3436894	--------------------------------------------------
2017/07/24 15:01:04 6755723	缓存托盘个数:6
2017/07/24 15:01:05 2681482	程序启动时,线体有托盘
2017/07/24 15:02:09 2285622	--------------------------------------------------
2017/07/24 15:02:09 4872503	缓存托盘个数:6
2017/07/24 15:02:09 7930638	程序启动时,线体有托盘
2017/07/24 15:09:53 1943775	--------------------------------------------------
2017/07/24 15:09:53 7819407	缓存托盘个数:6
2017/07/24 15:09:54 0767255	程序启动时,线体有托盘
2017/07/24 15:10:41 7816095	--------------------------------------------------
2017/07/24 15:10:42 0523296	缓存托盘个数:6
2017/07/24 15:10:42 3741847	程序启动时,线体有托盘
2017/07/24 15:11:49 0064980	--------------------------------------------------
2017/07/24 15:11:49 3915225	缓存托盘个数:6
2017/07/24 15:11:49 7093673	程序启动时,线体有托盘
2017/07/24 15:19:25 4078865	--------------------------------------------------
2017/07/24 15:19:25 6926427	缓存托盘个数:6
2017/07/24 15:19:26 0465843	程序启动时,线体有托盘
2017/07/24 15:24:27 5485562	--------------------------------------------------
2017/07/24 15:24:28 2704767	缓存托盘个数:6
2017/07/24 15:24:28 5482145	程序启动时,线体有托盘
2017/07/24 15:26:10 6060483	--------------------------------------------------
2017/07/24 15:26:10 8296405	缓存托盘个数:6
2017/07/24 15:26:11 1374594	程序启动时,线体有托盘
2017/07/24 15:27:11 9001402	--------------------------------------------------
2017/07/24 15:27:12 0465296	缓存托盘个数:6
2017/07/24 15:27:12 3603641	程序启动时,线体有托盘
2017/07/24 15:28:09 0760209	--------------------------------------------------
2017/07/24 15:28:09 3186659	缓存托盘个数:6
2017/07/24 15:28:09 6946673	程序启动时,线体有托盘
2017/07/24 15:48:47 0503771	--------------------------------------------------
2017/07/24 15:48:47 2839983	缓存托盘个数:6
2017/07/24 15:48:47 6539818	程序启动时,线体有托盘
2017/07/24 15:49:25 6098078	--------------------------------------------------
2017/07/24 15:49:26 2485072	缓存托盘个数:6
2017/07/24 15:49:26 5523154	程序启动时,线体有托盘
2017/07/24 16:01:31 2148983	--------------------------------------------------
2017/07/24 16:01:31 4314747	缓存托盘个数:6
2017/07/24 16:01:31 8004561	程序启动时,线体有托盘
2017/07/24 16:02:23 0373604	--------------------------------------------------
2017/07/24 16:02:23 3792696	缓存托盘个数:6
2017/07/24 16:02:23 7783321	程序启动时,线体有托盘
2017/07/24 16:03:48 0345349	--------------------------------------------------
2017/07/24 16:03:48 6371383	缓存托盘个数:6
2017/07/24 16:03:49 0231641	程序启动时,线体有托盘
2017/07/24 16:10:24 7157511	--------------------------------------------------
2017/07/24 16:10:25 5309138	缓存托盘个数:6
2017/07/24 16:10:26 0011655	程序启动时,线体有托盘
2017/07/24 16:13:23 4950488	--------------------------------------------------
2017/07/24 16:13:24 1277303	缓存托盘个数:6
2017/07/24 16:13:24 5679020	程序启动时,线体有托盘
2017/07/24 16:15:20 4344470	--------------------------------------------------
2017/07/24 16:15:21 0530931	缓存托盘个数:6
2017/07/24 16:15:21 6105770	程序启动时,线体有托盘
2017/07/24 16:15:48 1943028	--------------------------------------------------
2017/07/24 16:15:48 4319331	缓存托盘个数:6
2017/07/24 16:15:48 8761155	程序启动时,线体有托盘
2017/07/24 16:16:57 9899373	--------------------------------------------------
2017/07/24 16:16:58 2797086	缓存托盘个数:6
2017/07/24 16:16:58 8843169	程序启动时,线体有托盘
2017/07/24 16:18:27 5840198	--------------------------------------------------
2017/07/24 16:18:28 3440413	缓存托盘个数:6
2017/07/24 16:18:29 1762544	程序启动时,线体有托盘
2017/07/24 16:36:12 0662695	--------------------------------------------------
2017/07/24 16:36:12 3610528	缓存托盘个数:6
2017/07/24 16:36:12 9315704	程序启动时,线体有托盘
2017/07/24 16:40:18 2039360	--------------------------------------------------
2017/07/24 16:40:18 6400974	缓存托盘个数:6
2017/07/24 16:40:19 0080759	程序启动时,线体有托盘
2017/07/24 16:40:41 5019038	已取消一个任务。
2017/07/24 16:41:03 7430600	--------------------------------------------------
2017/07/24 16:41:03 9014806	缓存托盘个数:6
2017/07/24 16:41:04 1391125	程序启动时,线体有托盘
2017/07/24 16:41:13 4689278	已取消一个任务。
2017/07/24 16:41:38 5867357	--------------------------------------------------
2017/07/24 16:41:39 2414770	缓存托盘个数:6
2017/07/24 16:41:39 6666085	程序启动时,线体有托盘
2017/07/24 16:41:52 2911856	已取消一个任务。
2017/07/24 16:42:30 9259456	--------------------------------------------------
2017/07/24 16:42:31 3771468	缓存托盘个数:6
2017/07/24 16:42:31 7792164	程序启动时,线体有托盘
2017/07/24 16:43:12 3061287	--------------------------------------------------
2017/07/24 16:43:12 8478078	缓存托盘个数:6
2017/07/24 16:43:13 2245712	程序启动时,线体有托盘
2017/07/24 16:43:31 0626051	--------------------------------------------------
2017/07/24 16:43:31 4947551	缓存托盘个数:6
2017/07/24 16:43:32 0241628	程序启动时,线体有托盘
2017/07/24 17:04:20 8434936	--------------------------------------------------
2017/07/24 17:04:21 5523785	缓存托盘个数:6
2017/07/24 17:04:22 0416799	程序启动时,线体有托盘
2017/07/24 17:10:38 5867546	--------------------------------------------------
2017/07/24 17:10:38 9767915	缓存托盘个数:6
2017/07/24 17:10:39 3387544	程序启动时,线体有托盘
2017/07/24 17:11:17 9644887	不能在此范围中注册重复的名称“canvas1”。
2017/07/24 17:12:44 3809940	--------------------------------------------------
2017/07/24 17:12:44 6577297	缓存托盘个数:6
2017/07/24 17:12:45 0587964	程序启动时,线体有托盘
2017/07/24 17:14:43 0506252	--------------------------------------------------
2017/07/24 17:14:44 4373159	缓存托盘个数:6
2017/07/24 17:14:44 8062962	程序启动时,线体有托盘
2017/07/24 17:15:57 0973879	不能在此范围中注册重复的名称“canvas1”。
2017/07/24 17:16:30 8919350	--------------------------------------------------
2017/07/24 17:16:31 2178012	缓存托盘个数:6
2017/07/24 17:16:31 4945383	程序启动时,线体有托盘
2017/07/24 17:17:44 5281034	--------------------------------------------------
2017/07/24 17:17:45 0996250	缓存托盘个数:6
2017/07/24 17:17:45 6871859	程序启动时,线体有托盘
2017/07/24 17:20:26 1237034	--------------------------------------------------
2017/07/24 17:20:26 3723640	缓存托盘个数:6
2017/07/24 17:20:26 6801829	程序启动时,线体有托盘
2017/07/24 17:20:57 5922386	--------------------------------------------------
2017/07/24 17:20:57 9652322	缓存托盘个数:6
2017/07/24 17:20:58 4344803	程序启动时,线体有托盘
2017/07/24 17:22:14 4819437	--------------------------------------------------
2017/07/24 17:22:15 2961100	缓存托盘个数:6
2017/07/24 17:22:15 7523228	程序启动时,线体有托盘
2017/07/24 17:22:32 1790137	已取消一个任务。
2017/07/24 17:23:27 0940761	--------------------------------------------------
2017/07/24 17:23:27 7067046	缓存托盘个数:6
2017/07/24 17:23:28 4677293	程序启动时,线体有托盘
2017/07/24 17:24:23 7820770	--------------------------------------------------
2017/07/24 17:24:24 0257245	缓存托盘个数:6
2017/07/24 17:24:24 3626205	程序启动时,线体有托盘
2017/07/24 17:24:46 2432649	--------------------------------------------------
2017/07/24 17:24:46 8578994	缓存托盘个数:6
2017/07/24 17:24:47 1887799	程序启动时,线体有托盘
2017/07/24 17:25:40 3155513	--------------------------------------------------
2017/07/24 17:25:41 1357324	缓存托盘个数:6
2017/07/24 17:25:41 5438183	程序启动时,线体有托盘
2017/07/24 17:27:31 3542869	--------------------------------------------------
2017/07/24 17:27:31 8977305	缓存托盘个数:6
2017/07/24 17:27:32 5685140	程序启动时,线体有托盘
2017/07/24 17:28:09 0575666	--------------------------------------------------
2017/07/24 17:28:09 6902496	缓存托盘个数:6
2017/07/24 17:28:09 9750066	程序启动时,线体有托盘
2017/07/24 17:28:46 7041937	--------------------------------------------------
2017/07/24 17:28:47 3218282	缓存托盘个数:6
2017/07/24 17:28:47 5975625	程序启动时,线体有托盘
2017/07/24 17:29:15 1112122	--------------------------------------------------
2017/07/24 17:29:15 5854731	缓存托盘个数:6
2017/07/24 17:29:16 2472332	程序启动时,线体有托盘
2017/07/24 17:31:09 8425727	--------------------------------------------------
2017/07/24 17:31:10 3388930	缓存托盘个数:6
2017/07/24 17:31:10 7700389	程序启动时,线体有托盘
2017/07/24 17:31:55 9278811	--------------------------------------------------
2017/07/24 17:31:57 1721897	缓存托盘个数:6
2017/07/24 17:31:57 5802761	程序启动时,线体有托盘
2017/07/24 17:32:20 0793444	--------------------------------------------------
2017/07/24 17:32:20 9626914	缓存托盘个数:6
2017/07/24 17:32:21 2945732	程序启动时,线体有托盘
2017/07/24 17:34:40 6121258	--------------------------------------------------
2017/07/24 17:34:41 1425368	缓存托盘个数:6
2017/07/24 17:34:41 4984833	程序启动时,线体有托盘
2017/07/24 17:35:14 1920622	--------------------------------------------------
2017/07/24 17:35:14 9390503	缓存托盘个数:6
2017/07/24 17:35:15 3882447	程序启动时,线体有托盘
2017/07/24 17:36:31 8841825	--------------------------------------------------
2017/07/24 17:36:32 5639910	缓存托盘个数:6
2017/07/24 17:36:32 8698046	程序启动时,线体有托盘
2017/07/24 17:37:18 7478292	--------------------------------------------------
2017/07/24 17:37:19 1729611	缓存托盘个数:6
2017/07/24 17:37:19 5048418	程序启动时,线体有托盘
2017/07/24 17:38:10 8624425	--------------------------------------------------
2017/07/24 17:38:11 2163826	缓存托盘个数:6
2017/07/24 17:38:11 5943878	程序启动时,线体有托盘
2017/07/24 17:39:40 8166974	--------------------------------------------------
2017/07/24 17:39:41 4674284	缓存托盘个数:6
2017/07/24 17:39:41 8243782	程序启动时,线体有托盘
2017/07/24 17:40:41 9172805	不能在此范围中注册重复的名称“canvas8”。
2017/07/24 17:41:04 6990707	--------------------------------------------------
2017/07/24 17:41:05 2916466	缓存托盘个数:7
2017/07/24 17:41:05 6395714	程序启动时,线体有托盘
2017/07/24 17:47:13 9968119	--------------------------------------------------
2017/07/24 17:47:14 8982100	缓存托盘个数:3
2017/07/24 17:47:15 2591701	程序启动时,线体有托盘
