2017/08/29 09:18:59 1978001	缓存托盘个数:0
2017/08/29 09:18:59 4138001	程序启动时,线体有托盘
2017/08/29 09:18:59 4558001	请求扫码:->2
2017/08/29 09:19:11 6228001	托盘条码:ERROR:未能获取执行命令后返回的结果
2017/08/29 09:19:24 1228001	扫码失败
2017/08/29 09:20:17 2828001	扫码成功，不混批
2017/08/29 09:21:28 3418001	请求扫码:2->1
2017/08/29 09:22:03 6118001	扫码反馈归1,异常信息归1
2017/08/29 09:22:09 8388001	请求扫码:1->2
2017/08/29 09:22:21 2258001	托盘条码:EC17D01B32090

2017/08/29 09:23:09 2408001	扫码成功，不混批
2017/08/29 09:23:34 0078001	请求数据绑定:->2
2017/08/29 09:23:40 4168001	请求数据绑定(自动)
2017/08/29 09:23:45 4818001	当前叠盘机中缓存托盘数量为:1
2017/08/29 09:29:14 6808001	当前叠盘机中缓存托盘数量为:2
2017/08/29 09:30:50 8318001	异常：对象名 'StackTrayFlow' 无效。
2017/08/29 09:35:25 1798001	缓存托盘个数:2
2017/08/29 09:35:25 4668001	请求扫码:->1
2017/08/29 09:35:25 5408001	程序启动时,线体无托盘
2017/08/29 09:35:25 5578001	扫码反馈归1,异常信息归1
2017/08/29 09:35:37 9988001	请求数据绑定:->4
2017/08/29 09:35:38 0118001	请求清除数据
2017/08/29 09:36:12 7698001	请求扫码:1->2
2017/08/29 09:36:36 5178001	托盘条码:EC17D01B32090

2017/08/29 09:36:51 2618001	扫码成功，不混批
2017/08/29 09:36:51 5178001	请求扫码:2->1
2017/08/29 09:36:51 5698001	扫码反馈归1,异常信息归1
2017/08/29 09:37:13 1518001	请求数据绑定:4->1
2017/08/29 09:37:20 1618001	托盘数据处理结果地址归1
2017/08/29 09:37:24 0918001	请求扫码:1->2
2017/08/29 09:37:28 2578001	托盘条码:EC17D01B32090

2017/08/29 09:37:35 6588001	与叠盘机内缓存托盘码重复
2017/08/29 09:42:19 5278001	缓存托盘个数:1
2017/08/29 09:42:19 7438001	请求扫码:->2
2017/08/29 09:42:19 7608001	程序启动时,线体有托盘
2017/08/29 09:42:28 0068001	托盘条码:EC17D01B32090

2017/08/29 09:42:33 7088001	扫码成功，不混批
2017/08/29 09:42:34 0248001	请求扫码:2->1
2017/08/29 09:42:34 0598001	扫码反馈归1,异常信息归1
2017/08/29 09:43:03 8388001	请求扫码:1->2
2017/08/29 09:43:20 5238001	托盘条码:EC17D01B32090

2017/08/29 09:43:33 6808001	与叠盘机内缓存托盘码重复
2017/08/29 09:43:49 7478001	缓存托盘个数:2
2017/08/29 09:43:49 9028001	程序启动时,线体有托盘
2017/08/29 09:43:49 9368001	请求扫码:->2
2017/08/29 09:43:53 4108001	托盘条码:EC17D01B32090

2017/08/29 09:43:53 4388001	扫码失败
2017/08/29 09:46:30 7878001	缓存托盘个数:2
2017/08/29 09:46:31 0658001	程序启动时,线体有托盘
2017/08/29 09:46:31 0858001	请求扫码:->2
2017/08/29 09:47:10 5198001	托盘条码:EC17D01B32090

2017/08/29 09:47:10 5958001	扫码失败
2017/08/29 09:48:51 0098001	缓存托盘个数:2
2017/08/29 09:48:51 2298001	程序启动时,线体有托盘
2017/08/29 09:52:37 3218001	缓存托盘个数:2
2017/08/29 09:52:37 5638001	程序启动时,线体有托盘
2017/08/29 10:04:13 8478001	缓存托盘个数:2
2017/08/29 10:04:14 0298001	程序启动时,线体有托盘
2017/08/29 10:08:48 2918001	缓存托盘个数:2
2017/08/29 10:08:57 4588001	程序启动时,线体有托盘
2017/08/29 10:09:03 6608001	请求扫码:->2
2017/08/29 10:14:21 5728001	缓存托盘个数:2
2017/08/29 10:14:36 7968001	请求扫码:->2
2017/08/29 10:14:36 8338001	程序启动时,线体有托盘
2017/08/29 10:18:51 5048001	缓存托盘个数:2
2017/08/29 10:18:51 8058001	程序启动时,线体有托盘
2017/08/29 10:18:59 7658001	请求扫码:->2
2017/08/29 10:19:49 4718001	缓存托盘个数:2
2017/08/29 10:19:58 1488001	程序启动时,线体有托盘
2017/08/29 10:19:58 1498001	请求扫码:->2
2017/08/29 10:20:15 2248001	缓存托盘个数:2
2017/08/29 10:20:15 5978001	程序启动时,线体有托盘
2017/08/29 10:20:17 8958001	请求扫码:->2
2017/08/29 10:20:22 2198001	托盘条码:ERROR:未能获取执行命令后返回的结果
2017/08/29 10:20:22 3538001	扫码失败
2017/08/29 10:22:28 6908001	缓存托盘个数:2
2017/08/29 10:22:28 9248001	程序启动时,线体有托盘
2017/08/29 10:22:32 4768001	请求扫码:->2
2017/08/29 10:22:32 9508001	托盘条码:ERROR:未能获取执行命令后返回的结果
2017/08/29 10:22:32 9858001	扫码失败
2017/08/29 10:23:07 5158001	缓存托盘个数:2
2017/08/29 10:23:12 9098001	程序启动时,线体有托盘
2017/08/29 10:23:12 9108001	请求扫码:->2
2017/08/29 10:23:13 2398001	托盘条码:EC17D01B32090

2017/08/29 10:23:13 3668001	扫码失败
2017/08/29 10:24:03 6858001	缓存托盘个数:2
2017/08/29 10:24:04 1368001	程序启动时,线体有托盘
2017/08/29 10:33:30 1028001	缓存托盘个数:2
2017/08/29 10:33:30 4408001	程序启动时,线体有托盘
2017/08/29 10:33:39 1748001	请求扫码:->2
2017/08/29 10:33:39 5948001	托盘条码:ERROR:未能获取执行命令后返回的结果
2017/08/29 10:33:39 7308001	扫码失败
2017/08/29 10:34:14 7818001	缓存托盘个数:2
2017/08/29 10:37:40 5688001	缓存托盘个数:2
2017/08/29 10:37:40 9838001	程序启动时,线体有托盘
2017/08/29 10:37:43 2508001	请求扫码:->2
2017/08/29 10:37:43 7338001	托盘条码:ERROR:未能获取执行命令后返回的结果
2017/08/29 10:37:43 8348001	扫码失败
2017/08/29 10:39:25 7908001	缓存托盘个数:2
2017/08/29 10:39:26 1788001	程序启动时,线体有托盘
2017/08/29 10:39:29 0858001	请求扫码:->2
2017/08/29 10:39:29 6128001	托盘条码:ERROR:未能获取执行命令后返回的结果
2017/08/29 10:39:29 7368001	扫码失败
2017/08/29 10:40:50 0578001	缓存托盘个数:2
2017/08/29 10:44:30 5108001	缓存托盘个数:2
2017/08/29 10:44:34 8008001	请求扫码:->2
2017/08/29 10:44:34 8018001	程序启动时,线体有托盘
2017/08/29 10:44:35 1608001	托盘条码:EC17D01B32090

2017/08/29 10:44:35 2678001	扫码失败
2017/08/29 10:45:59 4158001	缓存托盘个数:2
2017/08/29 10:45:59 7598001	程序启动时,线体有托盘
2017/08/29 10:46:03 9888001	请求扫码:->2
2017/08/29 10:46:04 4598001	托盘条码:ERROR:未能获取执行命令后返回的结果
2017/08/29 10:46:04 6058001	扫码失败
2017/08/29 10:46:31 6298001	缓存托盘个数:2
2017/08/29 10:46:36 3808001	请求扫码:->2
2017/08/29 10:46:36 3908001	程序启动时,线体有托盘
2017/08/29 10:46:36 7018001	托盘条码:EC17D01B32090

2017/08/29 10:46:36 8298001	扫码失败
2017/08/29 11:03:05 9848001	缓存托盘个数:2
2017/08/29 11:03:09 8128001	请求扫码:->2
2017/08/29 11:03:09 8148001	程序启动时,线体有托盘
2017/08/29 11:03:28 2128001	托盘条码:ERROR:未能获取执行命令后返回的结果
2017/08/29 11:03:36 7308001	扫码成功，不混批
2017/08/29 11:03:43 1238001	请求数据绑定:->2
2017/08/29 11:03:50 0588001	请求数据绑定(自动)
2017/08/29 11:03:58 4558001	当前叠盘机中缓存托盘数量为:2
2017/08/29 11:04:31 9998001	异常：对象名 'StackTrayFlow' 无效。
2017/08/29 11:06:06 7008001	缓存托盘个数:2
2017/08/29 11:06:06 9808001	程序启动时,线体有托盘
2017/08/29 11:06:11 5328001	请求扫码:->1
2017/08/29 11:06:11 6398001	扫码反馈归1,异常信息归1
2017/08/29 11:06:27 5228001	请求数据绑定:->4
2017/08/29 11:06:34 3388001	请求清除数据
2017/08/29 11:07:01 5148001	请求数据绑定:4->1
2017/08/29 11:07:01 6028001	托盘数据处理结果地址归1
2017/08/29 11:07:10 4148001	请求扫码:1->2
2017/08/29 11:07:19 9078001	托盘条码:ERROR:未能获取执行命令后返回的结果
2017/08/29 11:07:25 8888001	扫码成功，不混批
2017/08/29 11:07:26 2078001	请求扫码:2->1
2017/08/29 11:07:26 2748001	扫码反馈归1,异常信息归1
2017/08/29 11:07:56 0948001	请求扫码:1->2
2017/08/29 11:07:56 4368001	托盘条码:EC17D01B32090

2017/08/29 11:08:12 1798001	扫码成功，不混批
2017/08/29 11:08:26 1178001	请求数据绑定:1->2
2017/08/29 11:08:28 9908001	请求数据绑定(自动)
2017/08/29 11:08:32 3638001	当前叠盘机中缓存托盘数量为:2
2017/08/29 11:09:32 9858001	异常：对象名 'StackTrayFlow' 无效。
2017/08/29 11:09:33 3158001	请求扫码:2->1
2017/08/29 11:09:33 3448001	扫码反馈归1,异常信息归1
2017/08/29 11:14:03 1578001	缓存托盘个数:0
2017/08/29 11:14:03 4158001	程序启动时,线体有托盘
2017/08/29 11:14:03 4458001	请求扫码:->2
2017/08/29 11:14:03 8488001	托盘条码:ERROR:未能获取执行命令后返回的结果
2017/08/29 11:14:13 3118001	扫码成功，不混批
2017/08/29 11:14:19 9038001	请求数据绑定:->4
2017/08/29 11:14:30 3728001	请求清除数据
2017/08/29 11:14:30 7008001	请求扫码:2->1
2017/08/29 11:14:30 7758001	扫码反馈归1,异常信息归1
2017/08/29 11:14:45 0648001	请求扫码:1->2
2017/08/29 11:14:45 3598001	托盘条码:EC17D01B32090

2017/08/29 11:14:57 7988001	扫码成功，不混批
2017/08/29 11:14:58 1058001	请求扫码:2->1
2017/08/29 11:14:58 2088001	扫码反馈归1,异常信息归1
2017/08/29 11:58:04 5918001	请求数据绑定:4->1
2017/08/29 11:58:04 6738001	托盘数据处理结果地址归1
2017/08/29 11:58:05 0118001	请求扫码:1->2
2017/08/29 11:58:05 4198001	托盘条码:ERROR:未能获取执行命令后返回的结果
2017/08/29 11:58:11 0558001	扫码成功，不混批
2017/08/29 11:58:11 3398001	请求扫码:2->1
2017/08/29 11:58:11 3968001	扫码反馈归1,异常信息归1
2017/08/29 11:58:41 1928001	请求扫码:1->2
2017/08/29 11:58:41 4938001	托盘条码:EC17D01B32090

2017/08/29 14:15:48 6448001	缓存托盘个数:2
2017/08/29 14:15:48 9428001	请求扫码:->2
2017/08/29 14:15:48 9538001	程序启动时,线体有托盘
2017/08/29 14:15:49 2398001	托盘条码:EC17D01B32090

2017/08/29 14:16:48 8658001	缓存托盘个数:2
2017/08/29 14:16:49 1568001	程序启动时,线体有托盘
2017/08/29 14:16:49 1618001	请求扫码:->2
2017/08/29 14:16:49 5988001	托盘条码:ERROR:未能获取执行命令后返回的结果
2017/08/29 14:16:56 4268001	与叠盘机内缓存托盘码重复
2017/08/29 14:17:36 3768001	缓存托盘个数:0
2017/08/29 14:17:36 5498001	程序启动时,线体有托盘
2017/08/29 14:17:36 5838001	请求扫码:->2
2017/08/29 14:17:36 8688001	托盘条码:EC17D01B32090

2017/08/29 14:17:40 4018001	扫码成功，不混批
2017/08/29 14:17:42 1668001	请求数据绑定:->2
2017/08/29 14:17:42 2108001	请求数据绑定(自动)
2017/08/29 14:17:42 2578001	当前叠盘机中缓存托盘数量为:2
2017/08/29 14:17:42 5468001	请求扫码:2->1
2017/08/29 14:17:42 5958001	扫码反馈归1,异常信息归1
2017/08/29 14:18:02 0498001	请求数据绑定:2->4
2017/08/29 14:18:02 1168001	请求清除数据
2017/08/29 14:18:09 0078001	请求数据绑定:4->1
2017/08/29 14:18:09 0698001	托盘数据处理结果地址归1
2017/08/29 14:18:10 4648001	请求扫码:1->2
2017/08/29 14:18:10 7708001	托盘条码:EC17D01B32090

2017/08/29 14:18:14 1958001	扫码成功，不混批
2017/08/29 14:18:14 5328001	请求扫码:2->1
2017/08/29 14:18:14 5868001	扫码反馈归1,异常信息归1
2017/08/29 14:18:44 3928001	请求扫码:1->2
2017/08/29 14:18:44 7478001	托盘条码:EC17D01B32090

2017/08/29 14:18:57 8218001	与叠盘机内缓存托盘码重复
2017/08/29 14:19:22 8348001	缓存托盘个数:1
2017/08/29 14:19:23 1018001	请求扫码:->2
2017/08/29 14:19:23 1148001	程序启动时,线体有托盘
2017/08/29 14:19:23 3958001	托盘条码:EC17D01B32090

2017/08/29 14:19:26 7218001	扫码成功，不混批
2017/08/29 14:19:30 1388001	请求数据绑定:->2
2017/08/29 14:19:33 2328001	请求数据绑定(自动)
2017/08/29 14:19:36 8928001	当前叠盘机中缓存托盘数量为:2
2017/08/29 14:21:26 4988001	缓存托盘个数:2
2017/08/29 14:21:26 8168001	请求扫码:->1
2017/08/29 14:21:26 8458001	程序启动时,线体无托盘
2017/08/29 14:21:26 9028001	扫码反馈归1,异常信息归1
2017/08/29 14:21:33 7618001	请求数据绑定:->2
2017/08/29 14:21:37 7198001	请求数据绑定(自动)
2017/08/29 14:21:40 4068001	当前叠盘机中缓存托盘数量为:2
2017/08/29 14:22:59 9098001	缓存托盘个数:2
2017/08/29 14:23:00 1188001	程序启动时,线体有托盘
2017/08/29 14:23:00 1468001	请求扫码:->2
2017/08/29 14:23:00 4418001	托盘条码:EC17D01B32090

2017/08/29 14:23:27 4148001	请求数据绑定:->2
2017/08/29 14:23:27 8048001	请求数据绑定(自动)
2017/08/29 14:23:27 8698001	当前叠盘机中缓存托盘数量为:2
2017/08/29 14:25:27 2578001	缓存托盘个数:2
2017/08/29 14:25:27 5278001	程序启动时,线体有托盘
2017/08/29 14:25:27 5678001	请求扫码:->2
2017/08/29 14:25:27 8618001	托盘条码:EC17D01B32090

2017/08/29 14:25:48 2668001	请求数据绑定:->2
2017/08/29 14:25:51 7828001	请求数据绑定(自动)
2017/08/29 14:25:52 3318001	当前叠盘机中缓存托盘数量为:2
2017/08/29 14:26:40 8968001	请求数据绑定:2->4
2017/08/29 14:26:40 9778001	请求清除数据
2017/08/29 14:26:41 2438001	请求扫码:2->1
2017/08/29 14:26:41 3058001	扫码反馈归1,异常信息归1
2017/08/29 14:38:22 6798001	缓存托盘个数:0
2017/08/29 14:38:23 0118001	请求扫码:->2
2017/08/29 14:38:23 0798001	程序启动时,线体无托盘
2017/08/29 14:38:23 6128001	托盘条码:ERROR:未能获取执行命令后返回的结果
2017/08/29 14:38:24 1018001	扫码成功，不混批
2017/08/29 14:38:24 4248001	请求扫码:2->1
2017/08/29 14:38:24 4748001	扫码反馈归1,异常信息归1
2017/08/29 14:38:29 6468001	请求数据绑定:->1
2017/08/29 14:38:29 6888001	托盘数据处理结果地址归1
2017/08/29 14:38:29 9668001	请求扫码:1->2
2017/08/29 14:38:30 2598001	托盘条码:EC17D01B32090

2017/08/29 14:38:30 3488001	扫码成功，不混批
2017/08/29 14:38:30 6188001	请求扫码:2->1
2017/08/29 14:38:30 6698001	扫码反馈归1,异常信息归1
2017/08/29 14:39:00 5248001	请求扫码:1->2
2017/08/29 14:39:00 8198001	托盘条码:EC17D01B32090

2017/08/29 14:39:00 8698001	与叠盘机内缓存托盘码重复
2017/08/29 14:55:46 9389543	缓存托盘个数:2
2017/08/29 14:55:47 1255115	程序启动时,线体有托盘
2017/08/29 14:55:47 1405782	请求扫码:->2
2017/08/29 14:55:47 9616005	托盘条码:EC17D01B32090

2017/08/29 14:55:47 9950742	扫码成功，不混批
2017/08/29 14:55:48 0065667	请求数据绑定:->2
2017/08/29 14:55:48 0130837	请求数据绑定(自动)
2017/08/29 14:55:48 0339738	当前叠盘机中缓存托盘数量为:2
2017/08/29 14:55:48 2811664	请求扫码:2->1
2017/08/29 14:55:48 3452000	扫码反馈归1,异常信息归1
2017/08/29 14:55:48 3793348	请求数据绑定:2->4
2017/08/29 14:55:48 3940628	请求清除数据
2017/08/29 14:56:29 8225068	请求扫码:1->2
2017/08/29 14:56:30 1157752	托盘条码:EC17D01B32090

2017/08/29 14:56:30 1736584	扫码成功，不混批
2017/08/29 14:56:30 4359845	请求扫码:2->1
2017/08/29 14:56:30 4841748	扫码反馈归1,异常信息归1
2017/08/29 14:56:31 0004872	请求扫码:1->2
2017/08/29 14:56:31 2958403	托盘条码:EC17D01B32090

2017/08/29 14:56:31 3583009	与叠盘机内缓存托盘码重复
2017/08/29 14:56:31 6758127	请求扫码:2->1
2017/08/29 14:56:31 7433661	扫码反馈归1,异常信息归1
2017/08/29 14:56:43 0689857	请求扫码:1->2
2017/08/29 14:56:43 3565376	托盘条码:EC17D01B32090

2017/08/29 14:56:43 3976430	与叠盘机内缓存托盘码重复
2017/08/29 14:56:43 6616315	请求扫码:2->1
2017/08/29 14:56:43 7028388	扫码反馈归1,异常信息归1
2017/08/29 14:56:46 2923843	请求数据绑定:4->1
2017/08/29 14:56:46 3314134	托盘数据处理结果地址归1
2017/08/29 14:56:46 5755381	请求扫码:1->2
2017/08/29 14:56:46 8999453	托盘条码:EC17D01B32090

2017/08/29 14:56:46 9587717	与叠盘机内缓存托盘码重复
2017/08/29 14:58:06 6559395	请求数据绑定:1->2
2017/08/29 14:58:06 6673862	请求数据绑定(自动)
2017/08/29 14:58:06 7001135	当前叠盘机中缓存托盘数量为:0
2017/08/29 14:58:06 7300791	托盘数量匹配异常
2017/08/29 14:58:06 9867157	请求数据绑定:2->4
2017/08/29 14:58:07 2258409	请求清除数据
2017/08/29 14:58:07 5051456	请求扫码:2->1
2017/08/29 14:58:07 5337036	扫码反馈归1,异常信息归1
2017/08/29 14:58:33 0429976	请求数据绑定:4->1
2017/08/29 14:58:33 0559248	托盘数据处理结果地址归1
2017/08/29 14:58:37 5242241	请求扫码:1->2
2017/08/29 14:58:37 8633584	托盘条码:EC17D01B32090

2017/08/29 15:09:36 7122410	缓存托盘个数:0
2017/08/29 15:09:37 0089692	程序启动时,线体有托盘
2017/08/29 15:09:37 0402582	请求扫码:->2
2017/08/29 15:09:37 3388034	托盘条码:EC17D01B32090

2017/08/29 15:09:54 2471051	扫码成功，不混批
2017/08/29 15:09:54 5222976	请求扫码:2->1
2017/08/29 15:09:54 5868172	扫码反馈归1,异常信息归1
2017/08/29 15:10:24 2860394	请求扫码:1->2
2017/08/29 15:10:24 5748339	托盘条码:EC17D01B32090

2017/08/29 15:10:35 5531928	与叠盘机内缓存托盘码重复
2017/08/29 15:12:23 2874950	缓存托盘个数:1
2017/08/29 15:12:25 0561793	请求扫码:->2
2017/08/29 15:12:25 0630101	程序启动时,线体有托盘
2017/08/29 15:12:27 9041825	托盘条码:EC17D01B32090

2017/08/29 15:12:46 0079860	扫码成功，不混批
2017/08/29 15:12:46 0320508	请求数据绑定:->2
2017/08/29 15:12:46 0370662	请求数据绑定(自动)
2017/08/29 15:12:46 0594930	当前叠盘机中缓存托盘数量为:2
2017/08/29 15:12:48 4518772	请求扫码:2->1
2017/08/29 15:12:50 6975421	扫码反馈归1,异常信息归1
2017/08/29 15:12:50 7288659	请求数据绑定:2->4
2017/08/29 15:12:50 7368823	请求清除数据
2017/08/29 15:13:23 3151898	请求数据绑定:4->1
2017/08/29 15:13:23 3588575	托盘数据处理结果地址归1
2017/08/29 15:13:23 6164079	请求扫码:1->2
2017/08/29 15:13:23 8925020	托盘条码:EC17D01B32090

2017/08/29 15:14:28 4581881	扫码成功，不混批
2017/08/29 15:14:28 8032422	请求扫码:2->1
2017/08/29 15:14:28 8588886	扫码反馈归1,异常信息归1
2017/08/29 15:14:58 4714726	请求扫码:1->2
2017/08/29 15:14:58 7619730	托盘条码:EC17D01B32090

2017/08/29 15:15:04 8459961	与叠盘机内缓存托盘码重复
2017/08/29 15:25:46 2143054	请求扫码:2->1
2017/08/29 15:25:46 8351667	扫码反馈归1,异常信息归1
2017/08/29 15:26:18 0266238	请求扫码:1->2
2017/08/29 15:26:18 3189158	托盘条码:EC17D01B32090

2017/08/29 15:26:29 5533054	与叠盘机内缓存托盘码重复
2017/08/29 15:27:03 8916706	缓存托盘个数:1
2017/08/29 15:27:04 1021883	程序启动时,线体有托盘
2017/08/29 15:27:04 1413692	请求扫码:->2
2017/08/29 15:27:04 4356805	托盘条码:EC17D01B32090

2017/08/29 15:27:58 9608367	扫码成功，混批
2017/08/29 15:27:58 9924206	请求数据绑定:->2
2017/08/29 15:27:59 0025549	请求数据绑定(自动)
2017/08/29 15:27:59 0436308	当前叠盘机中缓存托盘数量为:1
2017/08/29 15:27:59 3954406	请求数据绑定:2->4
2017/08/29 15:27:59 4395031	请求清除数据
2017/08/29 15:27:59 7580446	请求扫码:2->1
2017/08/29 15:27:59 8234364	扫码反馈归1,异常信息归1
2017/08/29 15:28:36 4911461	请求数据绑定:4->1
2017/08/29 15:28:36 5328831	托盘数据处理结果地址归1
2017/08/29 15:28:36 7993471	请求扫码:1->2
2017/08/29 15:28:37 2423842	托盘条码:EC17D01B32090

2017/08/29 15:31:06 2477017	扫码成功，不混批
2017/08/29 15:31:06 5270450	请求扫码:2->1
2017/08/29 15:31:06 6207368	扫码反馈归1,异常信息归1
2017/08/29 15:31:36 5440335	请求扫码:1->2
2017/08/29 15:31:36 8284269	托盘条码:EC17D01B32090

2017/08/29 15:37:00 2442182	与叠盘机内缓存托盘码重复
2017/08/29 15:37:47 1805221	缓存托盘个数:1
2017/08/29 15:37:48 1461660	程序启动时,线体有托盘
2017/08/29 15:37:48 1773957	请求扫码:->2
2017/08/29 15:37:50 4103924	托盘条码:EC17D01B32090

2017/08/29 15:37:53 6610349	与叠盘机内缓存托盘码重复
2017/08/29 15:39:55 4254439	缓存托盘个数:1
2017/08/29 15:40:01 6294061	请求扫码:->2
2017/08/29 15:40:01 6700138	程序启动时,线体有托盘
2017/08/29 15:40:11 2046012	托盘条码:EC17D01B32090

2017/08/29 15:41:58 5258930	无法连接MySQLConnection1:Unable to connect to any of the specified MySQL hosts.
2017/08/29 15:42:03 9795292	没有查询到托盘EC17D01B32090
的批次数据
2017/08/29 15:42:11 0680403	查不到批次信息
2017/08/29 15:57:12 5103657	缓存托盘个数:1
2017/08/29 15:57:13 4426235	请求扫码:->2
2017/08/29 15:57:13 4783748	程序启动时,线体有托盘
2017/08/29 15:57:18 3645023	托盘条码:EC17D01B32090

2017/08/29 15:57:32 2596556	扫码成功，不混批
2017/08/29 15:57:32 2812124	请求数据绑定:->2
2017/08/29 15:57:32 2862286	请求数据绑定(自动)
2017/08/29 15:57:32 3127080	当前叠盘机中缓存托盘数量为:2
2017/08/29 15:57:36 1413329	请求扫码:2->1
2017/08/29 15:57:38 7585751	扫码反馈归1,异常信息归1
2017/08/29 15:57:42 3187704	请求数据绑定:2->4
2017/08/29 15:57:43 6251168	请求清除数据
2017/08/29 15:57:48 8106568	请求数据绑定:4->1
2017/08/29 15:57:48 8472402	托盘数据处理结果地址归1
2017/08/29 15:58:02 3803581	请求扫码:1->2
2017/08/29 15:58:02 6961893	托盘条码:EC17D01B32090

2017/08/29 16:09:26 3875502	扫码成功，不混批
2017/08/29 16:09:26 6598203	请求扫码:2->1
2017/08/29 16:09:26 7089489	扫码反馈归1,异常信息归1
2017/08/29 16:09:59 2760550	缓存托盘个数:1
2017/08/29 16:09:59 5155427	程序启动时,线体有托盘
2017/08/29 16:09:59 5582860	请求扫码:->2
2017/08/29 16:10:04 7004880	托盘条码:ERROR:连接设备超时!!.2017-08-29T16:10:04.700
2017/08/29 16:10:19 8560171	扫码成功，不混批
2017/08/29 16:10:19 8966105	请求数据绑定:->2
2017/08/29 16:10:19 9051336	请求数据绑定(自动)
2017/08/29 16:10:19 9420271	当前叠盘机中缓存托盘数量为:2
2017/08/29 16:10:20 2692363	请求扫码:2->1
2017/08/29 16:10:20 3445694	扫码反馈归1,异常信息归1
2017/08/29 16:10:20 3863767	请求数据绑定:2->4
2017/08/29 16:10:20 3914269	请求清除数据
2017/08/29 16:10:55 9576102	请求扫码:1->2
2017/08/29 16:10:57 0757482	托盘条码:ERROR:连接设备超时!!.2017-08-29T16:10:57.075
2017/08/29 16:11:02 9859319	扫码成功，不混批
2017/08/29 16:11:03 2695822	请求扫码:2->1
2017/08/29 16:11:03 3541996	扫码反馈归1,异常信息归1
2017/08/29 16:11:03 6539689	请求扫码:1->2
2017/08/29 16:11:04 7781285	托盘条码:ERROR:连接设备超时!!.2017-08-29T16:11:04.778
2017/08/29 16:11:07 9400006	扫码成功，不混批
2017/08/29 16:11:08 2487676	请求扫码:2->1
2017/08/29 16:11:08 3130380	扫码反馈归1,异常信息归1
2017/08/29 16:11:15 9523955	请求扫码:1->2
2017/08/29 16:11:17 0840916	托盘条码:ERROR:连接设备超时!!.2017-08-29T16:11:17.084
2017/08/29 16:11:23 9795662	扫码成功，不混批
2017/08/29 16:11:24 2522380	请求扫码:2->1
2017/08/29 16:11:24 2856962	扫码反馈归1,异常信息归1
2017/08/29 16:11:34 4337518	请求扫码:1->2
2017/08/29 16:11:35 5712737	托盘条码:ERROR:连接设备超时!!.2017-08-29T16:11:35.570
2017/08/29 16:12:03 3217360	扫码成功，不混批
2017/08/29 16:12:03 6262110	请求扫码:2->1
2017/08/29 16:12:03 7045546	扫码反馈归1,异常信息归1
2017/08/29 16:12:36 9014103	请求扫码:1->2
2017/08/29 16:12:38 0223416	托盘条码:ERROR:连接设备超时!!.2017-08-29T16:12:38.022
2017/08/29 16:15:26 3598452	扫码成功，不混批
2017/08/29 16:15:26 6530634	请求扫码:2->1
2017/08/29 16:15:26 7028237	扫码反馈归1,异常信息归1
2017/08/29 16:15:31 4367861	请求扫码:1->2
2017/08/29 16:15:32 5816360	托盘条码:ERROR:连接设备超时!!.2017-08-29T16:15:32.581
2017/08/29 16:17:51 7599703	扫码失败
2017/08/29 16:17:52 0428594	请求扫码:2->1
2017/08/29 16:17:52 1156835	扫码反馈归1,异常信息归1
2017/08/29 16:17:53 2354798	请求扫码:1->2
2017/08/29 16:17:58 3522415	托盘条码:ERROR:连接设备超时!!.2017-08-29T16:17:58.352
2017/08/29 16:18:04 2354809	扫码失败
2017/08/29 16:18:04 5303133	请求扫码:2->1
2017/08/29 16:18:04 5841198	扫码反馈归1,异常信息归1
2017/08/29 16:18:35 8672483	请求扫码:1->2
2017/08/29 16:18:41 3275832	托盘条码:ERROR:未能获取执行命令后返回的结果
2017/08/29 16:28:27 1863233	扫码失败
2017/08/29 16:28:27 5268630	请求扫码:2->1
2017/08/29 16:28:27 5574338	扫码反馈归1,异常信息归1
2017/08/29 16:28:40 4290075	请求数据绑定:4->1
2017/08/29 16:28:40 4631477	托盘数据处理结果地址归1
2017/08/29 16:28:40 7263508	请求扫码:1->2
2017/08/29 16:28:41 0264833	托盘条码:EB15G1810884

2017/08/29 16:29:13 0796215	扫码成功，不混批
2017/08/29 16:29:13 4305277	请求扫码:2->1
2017/08/29 16:29:13 5061402	扫码反馈归1,异常信息归1
2017/08/29 16:29:43 3360044	请求扫码:1->2
2017/08/29 16:29:43 6129798	托盘条码:EB15G1810884

2017/08/29 16:29:50 3354943	与叠盘机内缓存托盘码重复
2017/08/29 16:49:33 8845079	缓存托盘个数:1
2017/08/29 16:49:34 1337428	程序启动时,线体有托盘
2017/08/29 16:49:34 1773674	请求扫码:->2
2017/08/29 16:49:39 6352752	托盘条码:ERROR:未能获取执行命令后返回的结果
2017/08/29 16:50:58 5088659	扫码成功，混批
2017/08/29 16:50:58 5382187	请求数据绑定:->2
2017/08/29 16:50:58 5480574	请求数据绑定(自动)
2017/08/29 16:50:58 5829300	当前叠盘机中缓存托盘数量为:1
2017/08/29 16:50:59 1104438	请求数据绑定:2->4
2017/08/29 16:50:59 1212045	请求清除数据
2017/08/29 16:50:59 4271438	请求扫码:2->1
2017/08/29 16:50:59 4737199	扫码反馈归1,异常信息归1
2017/08/29 16:51:08 1981419	请求数据绑定:4->1
2017/08/29 16:51:08 2452799	托盘数据处理结果地址归1
2017/08/29 16:51:29 2702290	请求扫码:1->2
2017/08/29 16:51:32 8781286	托盘条码:EB15G1810884

2017/08/29 16:52:13 0393124	扫码成功，不混批
2017/08/29 16:52:13 3436398	请求扫码:2->1
2017/08/29 16:52:13 4498198	扫码反馈归1,异常信息归1
2017/08/29 16:52:43 3038847	请求扫码:1->2
2017/08/29 16:52:43 5826548	托盘条码:EB15G1810884

2017/08/29 16:53:02 0209944	缓存托盘个数:1
2017/08/29 16:53:02 2760207	程序启动时,线体有托盘
2017/08/29 16:53:02 3281522	请求扫码:->2
2017/08/29 16:53:02 6483146	托盘条码:EB15G1810884

2017/08/29 16:54:07 2587490	扫码成功，混批
2017/08/29 16:54:07 2899640	请求数据绑定:->2
2017/08/29 16:54:07 2958920	请求数据绑定(自动)
2017/08/29 16:54:07 3129130	当前叠盘机中缓存托盘数量为:1
2017/08/29 16:54:07 6430300	请求数据绑定:2->4
2017/08/29 16:54:07 6595575	请求清除数据
2017/08/29 16:54:07 9553217	请求扫码:2->1
2017/08/29 16:54:08 0095598	扫码反馈归1,异常信息归1
2017/08/29 16:54:41 5138991	请求扫码:1->2
2017/08/29 16:54:41 7903595	托盘条码:EB15G1810884

2017/08/29 16:55:06 8685441	扫码成功，不混批
2017/08/29 16:55:07 2624383	请求扫码:2->1
2017/08/29 16:55:07 3369570	扫码反馈归1,异常信息归1
2017/08/29 16:55:12 9941246	请求扫码:1->2
2017/08/29 16:55:13 2958327	托盘条码:EB15G1810884

2017/08/29 16:55:50 2238601	与叠盘机内缓存托盘码重复
2017/08/29 16:55:50 5177232	请求扫码:2->1
2017/08/29 16:55:50 8240756	扫码反馈归1,异常信息归1
2017/08/29 16:56:01 6452317	缓存托盘个数:1
2017/08/29 16:56:01 8975805	请求扫码:->1
2017/08/29 16:56:01 9940378	扫码反馈归1,异常信息归1
2017/08/29 16:56:02 0045462	程序启动时,线体无托盘
2017/08/29 16:56:07 8561474	请求扫码:1->2
2017/08/29 16:56:08 2012962	托盘条码:EB15G1810884

2017/08/29 16:56:34 6077401	扫码成功，混批
2017/08/29 16:56:34 8806592	请求扫码:2->1
2017/08/29 16:56:34 9296836	扫码反馈归1,异常信息归1
2017/08/29 16:56:49 5708969	请求扫码:1->2
2017/08/29 16:56:49 8478969	托盘条码:EB15G1810884

2017/08/29 16:56:55 4198164	与叠盘机内缓存托盘码重复
2017/08/29 16:56:55 7396881	请求扫码:2->1
2017/08/29 16:56:55 7940500	扫码反馈归1,异常信息归1
2017/08/29 16:56:59 7178020	请求扫码:1->2
2017/08/29 16:56:59 9966385	托盘条码:EB15G1810884

2017/08/29 17:05:39 7987860	缓存托盘个数:0
2017/08/29 17:05:40 0876281	请求扫码:->1
2017/08/29 17:05:40 1319920	程序启动时,线体无托盘
2017/08/29 17:05:40 2334854	扫码反馈归1,异常信息归1
2017/08/29 17:05:40 3044442	请求数据绑定:->1
2017/08/29 17:05:40 3558308	托盘数据处理结果地址归1
2017/08/29 17:05:40 6593702	请求扫码:1->2
2017/08/29 17:05:40 9429084	托盘条码:EB15G1810884

2017/08/29 17:05:48 2330474	扫码成功，不混批
2017/08/29 17:05:48 5339562	请求扫码:2->1
2017/08/29 17:05:48 6143923	扫码反馈归1,异常信息归1
2017/08/29 17:06:18 5111042	请求扫码:1->2
2017/08/29 17:06:18 7957627	托盘条码:EB15G1810884

2017/08/29 17:06:41 2247765	缓存托盘个数:1
2017/08/29 17:06:41 5795676	请求扫码:->2
2017/08/29 17:06:41 6652971	程序启动时,线体有托盘
2017/08/29 17:06:41 9264896	托盘条码:EB15G1810884

2017/08/29 17:06:56 0986734	扫码成功，混批
2017/08/29 17:06:56 1237403	请求数据绑定:->2
2017/08/29 17:06:56 1302574	请求数据绑定(自动)
2017/08/29 17:06:56 1658527	当前叠盘机中缓存托盘数量为:1
2017/08/29 17:06:56 4998772	请求数据绑定:2->4
2017/08/29 17:06:56 5234364	请求清除数据
2017/08/29 17:06:56 8739258	请求扫码:2->1
2017/08/29 17:06:56 9665166	扫码反馈归1,异常信息归1
2017/08/29 17:06:57 0026708	请求数据绑定:4->1
2017/08/29 17:06:57 0286997	托盘数据处理结果地址归1
2017/08/29 17:07:26 6296900	请求扫码:1->2
2017/08/29 17:07:26 9364634	托盘条码:EB15G1810884

2017/08/29 17:08:11 9892410	扫码成功，不混批
2017/08/29 17:08:12 7178182	请求扫码:2->1
2017/08/29 17:08:12 8271272	扫码反馈归1,异常信息归1
2017/08/29 17:08:42 1724143	请求扫码:1->2
2017/08/29 17:08:42 4443653	托盘条码:EB15G1810884

2017/08/29 17:16:59 3937358	与叠盘机内缓存托盘码重复
2017/08/29 17:22:57 2038007	请求数据绑定:1->3
2017/08/29 17:22:57 2126833	请求数据绑定(手动)
2017/08/29 17:22:57 2504966	当前叠盘机中缓存托盘数量为:1
2017/08/29 17:22:57 5315525	PC:托盘条码：EB15G1810884
,叠盘机异常时改托盘没通过
2017/08/29 17:22:57 5888426	异常:索引超出范围。必须为非负值并小于集合大小。
参数名: index
2017/08/29 17:22:57 8913644	请求数据绑定:3->4
2017/08/29 17:22:57 9106803	请求清除数据
2017/08/29 17:22:58 2909944	请求扫码:2->1
2017/08/29 17:22:58 3611747	扫码反馈归1,异常信息归1
2017/08/29 17:22:58 3949395	请求数据绑定:4->1
2017/08/29 17:22:58 4309906	托盘数据处理结果地址归1
2017/08/29 17:23:28 1229972	请求扫码:1->2
2017/08/29 17:23:28 4229934	托盘条码:EB15G1810884

2017/08/29 17:23:34 9621733	扫码成功，不混批
2017/08/29 17:23:35 2664135	请求扫码:2->1
2017/08/29 17:23:35 3494693	扫码反馈归1,异常信息归1
2017/08/29 17:24:04 9840979	请求扫码:1->2
2017/08/29 17:24:05 2636372	托盘条码:EB15G1810884

2017/08/29 17:28:21 1227469	与叠盘机内缓存托盘码重复
2017/08/29 17:29:04 2225899	'0' 附近有语法错误。
2017/08/29 17:29:09 3486537	'0' 附近有语法错误。
2017/08/29 17:29:12 9285278	'0' 附近有语法错误。
2017/08/29 17:29:16 1678920	'0' 附近有语法错误。
2017/08/29 17:29:27 7115999	'0' 附近有语法错误。
2017/08/29 17:29:28 1543908	'0' 附近有语法错误。
2017/08/29 17:39:21 5885624	缓存托盘个数:1
2017/08/29 17:39:21 8081564	程序启动时,线体有托盘
2017/08/29 17:39:21 8479988	请求扫码:->2
2017/08/29 17:39:22 1604752	托盘条码:EB15G1810884

2017/08/29 17:39:22 8437461	与叠盘机内缓存托盘码重复
2017/08/29 17:39:22 8889849	请求数据绑定:->1
2017/08/29 17:39:22 9195712	托盘数据处理结果地址归1
2017/08/29 17:45:39 2414282	缓存托盘个数:1
2017/08/29 17:45:39 4564067	程序启动时,线体有托盘
2017/08/29 17:45:39 5080447	请求扫码:->2
2017/08/29 17:45:39 8198924	托盘条码:EB15G1810884

2017/08/29 17:45:41 0182426	与叠盘机内缓存托盘码重复
2017/08/29 17:45:41 0656234	请求数据绑定:->1
2017/08/29 17:45:41 1162578	托盘数据处理结果地址归1
2017/08/29 17:46:43 9782832	缓存托盘个数:1
2017/08/29 17:46:44 2288729	请求扫码:->2
2017/08/29 17:46:44 2556136	程序启动时,线体有托盘
2017/08/29 17:46:44 5376188	托盘条码:EB15G1810884

2017/08/29 17:46:45 4925956	与叠盘机内缓存托盘码重复
2017/08/29 17:46:45 5239911	请求数据绑定:->1
2017/08/29 17:46:45 5628619	托盘数据处理结果地址归1
2017/08/29 17:50:11 3989872	缓存托盘个数:1
2017/08/29 17:50:11 6296915	程序启动时,线体有托盘
2017/08/29 17:50:11 6692987	请求扫码:->2
2017/08/29 17:50:11 9531000	托盘条码:EB15G1810884

2017/08/29 17:50:12 9225533	与叠盘机内缓存托盘码重复
2017/08/29 17:50:12 9644173	请求数据绑定:->1
2017/08/29 17:50:12 9985068	托盘数据处理结果地址归1
2017/08/29 17:52:42 0255016	关键字 'ORDER' 附近有语法错误。
2017/08/29 17:54:05 0512296	缓存托盘个数:1
2017/08/29 17:54:05 2950783	程序启动时,线体有托盘
2017/08/29 17:54:05 3326771	请求扫码:->2
2017/08/29 17:54:05 6259584	托盘条码:EB15G1810884

2017/08/29 17:54:06 5595570	与叠盘机内缓存托盘码重复
2017/08/29 17:54:06 6047146	请求数据绑定:->1
2017/08/29 17:54:06 6247305	托盘数据处理结果地址归1
2017/08/29 17:54:16 2001510	关键字 'ORDER' 附近有语法错误。
2017/08/29 17:55:16 8694027	关键字 'ORDER' 附近有语法错误。
