2017/08/28 17:51:53 0336002	缓存托盘个数:0
2017/08/28 17:51:53 2016002	程序启动时,线体有托盘
2017/08/28 17:51:53 2596002	请求扫码:->2
2017/08/28 17:51:58 3946002	托盘条码:ERROR:连接设备超时!!.2017-08-28T17:51:58.394
2017/08/28 17:51:58 4486002	与库存托盘码重复
2017/08/28 17:51:58 4826002	请求数据绑定:->2
2017/08/28 17:51:58 4996002	请求数据绑定(自动)
2017/08/28 17:51:58 5546002	当前叠盘机中缓存托盘数量为:1
2017/08/28 17:51:58 8396002	请求数据绑定:2->4
2017/08/28 17:51:58 8596002	请求清除数据
2017/08/28 17:51:59 4156002	请求扫码:2->1
2017/08/28 17:51:59 4796002	扫码反馈归1,异常信息归1
2017/08/28 17:52:13 8856002	请求数据绑定:4->1
2017/08/28 17:52:13 9166002	托盘数据处理结果地址归1
2017/08/28 17:53:06 7626002	缓存托盘个数:0
2017/08/28 17:53:06 9456002	程序启动时,线体有托盘
2017/08/28 17:53:06 9846002	请求扫码:->2
2017/08/28 17:53:12 1126002	托盘条码:ERROR:连接设备超时!!.2017-08-28T17:53:12.112
2017/08/28 17:53:12 2156002	扫码成功，不混批
2017/08/28 17:53:12 4816002	请求扫码:2->1
2017/08/28 17:53:12 5436002	扫码反馈归1,异常信息归1
2017/08/28 17:53:42 2276002	请求扫码:1->2
2017/08/28 17:53:47 3506002	托盘条码:ERROR:连接设备超时!!.2017-08-28T17:53:47.350
2017/08/28 17:53:47 6746002	扫码成功，不混批
2017/08/28 17:53:47 6966002	请求数据绑定:->2
2017/08/28 17:53:47 7096002	请求数据绑定(自动)
2017/08/28 17:53:47 7316002	当前叠盘机中缓存托盘数量为:1
2017/08/28 17:53:47 9626002	请求扫码:2->1
2017/08/28 17:53:48 0036002	扫码反馈归1,异常信息归1
2017/08/28 17:54:17 7676002	请求扫码:1->2
2017/08/28 17:54:22 8946002	托盘条码:ERROR:连接设备超时!!.2017-08-28T17:54:22.894
2017/08/28 17:54:22 9476002	扫码成功，不混批
2017/08/28 17:54:23 2176002	请求扫码:2->1
2017/08/28 17:54:23 2556002	扫码反馈归1,异常信息归1
