2017/08/30 09:48:53 0289973	缓存托盘个数:1
2017/08/30 09:49:15 5149919	关键字 'ORDER' 附近有语法错误。
2017/08/30 10:01:50 6340043	缓存托盘个数:1
2017/08/30 10:31:12 7836658	托盘码格式错误！
2017/08/30 10:38:42 8632917	托盘码格式错误！
2017/08/30 10:51:26 3176264	托盘码格式错误！
2017/08/30 10:58:49 4302445	托盘码格式错误！
2017/08/30 10:59:08 3352700	托盘码格式错误！
2017/08/30 11:06:16 5179155	托盘码格式错误！
2017/08/30 11:07:30 3510801	托盘码格式错误！
2017/08/30 11:07:41 6232606	托盘码格式错误！
2017/08/30 11:07:53 6951166	托盘码格式错误！
2017/08/30 11:10:26 8701617	托盘码格式错误！
2017/08/30 11:14:01 1876143	托盘码格式错误！
2017/08/30 11:15:56 8552027	缓存托盘个数:1
2017/08/30 11:24:33 9090858	列名 'B' 无效。
2017/08/30 13:32:13 5783862	请求扫码:->8888
2017/08/30 13:32:17 7604287	请求数据绑定:->8888
2017/08/30 14:09:59 2746772	缓存托盘个数:2
2017/08/30 14:19:31 9826684	缓存托盘个数:1
2017/08/30 14:43:37 8253802	缓存托盘个数:1
2017/08/30 15:08:27 8857837	缓存托盘个数:1
2017/08/30 15:19:27 9634439	缓存托盘个数:1
2017/08/30 15:20:01 0593827	缓存托盘个数:1
2017/08/30 15:21:39 4200894	缓存托盘个数:1
2017/08/30 15:23:30 7199973	缓存托盘个数:1
2017/08/30 15:26:32 6565912	缓存托盘个数:1
2017/08/30 15:27:24 1301422	缓存托盘个数:1
2017/08/30 15:28:41 5849470	缓存托盘个数:1
2017/08/30 15:30:45 1150476	缓存托盘个数:1
2017/08/30 15:31:54 2264971	缓存托盘个数:1
2017/08/30 16:18:45 7229243	缓存托盘个数:1
2017/08/30 16:32:14 4525739	缓存托盘个数:1
2017/08/30 16:34:21 2053854	缓存托盘个数:1
2017/08/30 16:35:44 8171002	缓存托盘个数:1
2017/08/30 16:36:26 1093707	缓存托盘个数:1
2017/08/30 16:38:43 2037909	缓存托盘个数:1
