2017/07/25 09:18:34 7775618	--------------------------------------------------
2017/07/25 09:18:35 2688652	缓存托盘个数:3
2017/07/25 09:18:35 6980059	程序启动时,线体有托盘
2017/07/25 09:49:56 0402779	--------------------------------------------------
2017/07/25 09:49:56 2473295	缓存托盘个数:3
2017/07/25 09:49:56 5491320	程序启动时,线体有托盘
2017/07/25 10:07:17 3564255	--------------------------------------------------
2017/07/25 10:07:17 9018778	缓存托盘个数:3
2017/07/25 10:07:25 1522247	已取消一个任务。
2017/07/25 10:08:28 1365022	--------------------------------------------------
2017/07/25 10:08:28 7897385	缓存托盘个数:3
2017/07/25 10:08:29 5532696	程序启动时,线体有托盘
2017/07/25 10:08:53 8425051	--------------------------------------------------
2017/07/25 10:08:53 8425051	trayArrivedAddr:1->1
2017/07/25 10:08:54 0781323	地址DB66,I2写入1,success:True
2017/07/25 10:08:54 2956266	地址DB66,I4写入1,success:True
2017/07/25 10:08:54 2991363	扫码反馈归1,异常信息归1
2017/07/25 13:50:46 0297034	--------------------------------------------------
2017/07/25 13:50:46 2573093	缓存托盘个数:3
2017/07/25 13:50:46 8609155	地址DB66,I2写入1,success:True
2017/07/25 13:50:47 0273567	地址DB66,I4写入1,success:True
2017/07/25 13:50:47 0273567	程序启动时,线体无托盘
2017/07/25 13:56:46 1068719	--------------------------------------------------
2017/07/25 13:56:46 6302640	缓存托盘个数:3
2017/07/25 13:56:47 4133463	地址DB66,I2写入1,success:True
2017/07/25 13:56:47 5477040	地址DB66,I4写入1,success:True
2017/07/25 13:56:47 5477040	程序启动时,线体无托盘
2017/07/25 13:57:28 4936106	--------------------------------------------------
2017/07/25 13:57:29 3288323	缓存托盘个数:3
2017/07/25 13:57:29 8000853	地址DB66,I2写入1,success:True
2017/07/25 13:57:29 9745497	地址DB66,I4写入1,success:True
2017/07/25 13:57:29 9745497	程序启动时,线体无托盘
2017/07/25 13:58:47 4576362	--------------------------------------------------
2017/07/25 13:58:47 6100400	缓存托盘个数:3
2017/07/25 13:58:48 5355021	地址DB66,I2写入1,success:True
2017/07/25 13:58:48 8172524	地址DB66,I4写入1,success:True
2017/07/25 13:58:48 8172524	程序启动时,线体无托盘
2017/07/25 14:10:01 2424270	--------------------------------------------------
2017/07/25 14:10:02 0265098	缓存托盘个数:3
2017/07/25 14:10:02 6812526	地址DB66,I2写入1,success:True
2017/07/25 14:10:02 8747667	地址DB66,I4写入1,success:True
2017/07/25 14:10:02 8747667	程序启动时,线体无托盘
2017/07/25 14:10:51 3787757	--------------------------------------------------
2017/07/25 14:10:52 0254964	缓存托盘个数:3
2017/07/25 14:10:52 6000251	地址DB66,I2写入1,success:True
2017/07/25 14:10:52 8125889	地址DB66,I4写入1,success:True
2017/07/25 14:10:52 8125889	程序启动时,线体无托盘
2017/07/25 14:12:50 1424941	--------------------------------------------------
2017/07/25 14:12:50 4392827	缓存托盘个数:3
2017/07/25 14:12:51 5392084	地址DB66,I2写入1,success:True
2017/07/25 14:12:51 7247016	地址DB66,I4写入1,success:True
2017/07/25 14:12:51 7247016	程序启动时,线体无托盘
2017/07/25 14:14:36 6722903	--------------------------------------------------
2017/07/25 14:14:36 8287052	缓存托盘个数:3
2017/07/25 14:14:37 1315974	地址DB66,I2写入1,success:True
2017/07/25 14:14:37 3340508	地址DB66,I4写入1,success:True
2017/07/25 14:14:37 3340508	程序启动时,线体无托盘
2017/07/25 14:31:32 7772975	--------------------------------------------------
2017/07/25 14:31:33 3337778	缓存托盘个数:3
2017/07/25 14:31:34 0897890	地址DB66,I2写入1,success:True
2017/07/25 14:31:34 2843071	地址DB66,I4写入1,success:True
2017/07/25 14:31:34 2853085	程序启动时,线体无托盘
2017/07/25 14:32:37 3099396	--------------------------------------------------
2017/07/25 14:32:37 8092673	缓存托盘个数:3
2017/07/25 14:32:38 4359339	地址DB66,I2写入1,success:True
2017/07/25 14:32:38 6555189	地址DB66,I4写入1,success:True
2017/07/25 14:32:38 6555189	程序启动时,线体无托盘
2017/07/25 14:33:48 3046248	--------------------------------------------------
2017/07/25 14:33:48 6234740	缓存托盘个数:2
2017/07/25 14:33:49 6040810	地址DB66,I2写入1,success:True
2017/07/25 14:33:49 7845618	地址DB66,I4写入1,success:True
2017/07/25 14:33:49 7855635	程序启动时,线体无托盘
2017/07/25 14:36:11 8338403	--------------------------------------------------
2017/07/25 14:36:12 3371795	缓存托盘个数:1
2017/07/25 14:36:13 0169876	地址DB66,I2写入1,success:True
2017/07/25 14:36:13 1814250	地址DB66,I4写入1,success:True
2017/07/25 14:36:13 1814250	程序启动时,线体无托盘
2017/07/25 14:36:41 5596809	--------------------------------------------------
2017/07/25 14:36:42 2575306	缓存托盘个数:1
2017/07/25 14:36:43 1228319	地址DB66,I2写入1,success:True
2017/07/25 14:36:43 3404104	地址DB66,I4写入1,success:True
2017/07/25 14:36:43 3414129	程序启动时,线体无托盘
2017/07/25 14:47:19 6436093	--------------------------------------------------
2017/07/25 14:47:20 4337100	缓存托盘个数:1
2017/07/25 14:47:21 0764196	地址DB66,I2写入1,success:True
2017/07/25 14:47:21 2819661	地址DB66,I4写入1,success:True
2017/07/25 14:47:21 2819661	程序启动时,线体无托盘
2017/07/25 14:50:54 1714277	--------------------------------------------------
2017/07/25 14:50:54 4561855	缓存托盘个数:1
2017/07/25 14:50:55 3034380	地址DB66,I2写入1,success:True
2017/07/25 14:50:55 5470867	地址DB66,I4写入1,success:True
2017/07/25 14:50:55 5480888	程序启动时,线体无托盘
2017/07/25 15:11:16 8896665	--------------------------------------------------
2017/07/25 15:11:17 3238218	缓存托盘个数:1
2017/07/25 15:11:18 0928659	地址DB66,I2写入1,success:True
2017/07/25 15:11:18 2733467	地址DB66,I4写入1,success:True
2017/07/25 15:11:18 2733467	程序启动时,线体无托盘
2017/07/25 15:11:21 1961193	调用线程无法访问此对象，因为另一个线程拥有该对象。
2017/07/25 15:11:34 8795133	调用线程无法访问此对象，因为另一个线程拥有该对象。
2017/07/25 15:13:17 0281855	--------------------------------------------------
2017/07/25 15:13:17 5605999	缓存托盘个数:1
2017/07/25 15:13:18 1742324	地址DB66,I2写入1,success:True
2017/07/25 15:13:18 3035766	地址DB66,I4写入1,success:True
2017/07/25 15:13:18 3035766	程序启动时,线体无托盘
2017/07/25 15:15:11 8796613	--------------------------------------------------
2017/07/25 15:15:12 1854756	缓存托盘个数:1
2017/07/25 15:15:12 7379441	地址DB66,I2写入1,success:True
2017/07/25 15:15:13 0116728	地址DB66,I4写入1,success:True
2017/07/25 15:15:13 0116728	程序启动时,线体无托盘
2017/07/25 15:16:03 3906163	--------------------------------------------------
2017/07/25 15:16:04 2077899	缓存托盘个数:1
2017/07/25 15:16:04 7381998	地址DB66,I2写入1,success:True
2017/07/25 15:16:04 8825845	地址DB66,I4写入1,success:True
2017/07/25 15:16:04 8825845	程序启动时,线体无托盘
2017/07/25 15:18:21 7166942	--------------------------------------------------
2017/07/25 15:18:22 0245124	缓存托盘个数:1
2017/07/25 15:18:22 6180916	地址DB66,I2写入1,success:True
2017/07/25 15:18:22 8487049	地址DB66,I4写入1,success:True
2017/07/25 15:18:22 8487049	程序启动时,线体无托盘
2017/07/25 15:27:31 8940139	--------------------------------------------------
2017/07/25 15:27:32 3381963	缓存托盘个数:1
2017/07/25 15:27:32 8455442	地址DB66,I2写入1,success:True
2017/07/25 15:27:32 9839122	地址DB66,I4写入1,success:True
2017/07/25 15:27:32 9839122	程序启动时,线体无托盘
2017/07/25 15:28:28 0033467	--------------------------------------------------
2017/07/25 15:28:28 6380343	缓存托盘个数:1
2017/07/25 15:28:29 6036045	地址DB66,I2写入1,success:True
2017/07/25 15:28:30 0086808	地址DB66,I4写入1,success:True
2017/07/25 15:28:30 0086808	程序启动时,线体无托盘
2017/07/25 15:38:31 1978992	--------------------------------------------------
2017/07/25 15:38:31 4485655	缓存托盘个数:1
2017/07/25 15:38:32 1133346	地址DB66,I2写入1,success:True
2017/07/25 15:38:32 3840554	地址DB66,I4写入1,success:True
2017/07/25 15:38:32 3840554	程序启动时,线体无托盘
2017/07/25 15:47:40 2434004	--------------------------------------------------
2017/07/25 15:47:40 8600399	缓存托盘个数:1
2017/07/25 15:47:41 7002759	地址DB66,I2写入1,success:True
2017/07/25 15:47:41 8777477	地址DB66,I4写入1,success:True
2017/07/25 15:47:41 8777477	程序启动时,线体无托盘
2017/07/25 15:51:49 1674435	--------------------------------------------------
2017/07/25 15:51:50 0919020	缓存托盘个数:1
2017/07/25 15:51:50 7867499	地址DB66,I2写入1,success:True
2017/07/25 15:51:50 9682332	地址DB66,I4写入1,success:True
2017/07/25 15:51:50 9682332	程序启动时,线体无托盘
2017/07/25 16:18:14 8744118	--------------------------------------------------
2017/07/25 16:18:15 5151165	缓存托盘个数:1
2017/07/25 16:18:16 3723972	地址DB66,I2写入1,success:True
2017/07/25 16:18:16 5298233	地址DB66,I4写入1,success:True
2017/07/25 16:18:16 5298233	程序启动时,线体无托盘
2017/07/25 16:20:02 0850719	--------------------------------------------------
2017/07/25 16:20:02 4881443	缓存托盘个数:1
2017/07/25 16:20:03 4286459	地址DB66,I2写入1,success:True
2017/07/25 16:20:03 6652756	地址DB66,I4写入1,success:True
2017/07/25 16:20:03 6652756	程序启动时,线体无托盘
2017/07/25 16:20:18 2093965	--------------------------------------------------
2017/07/25 16:20:18 2234335	requestBindDataAddr:1->3
2017/07/25 16:20:18 2234335	请求数据绑定(手动)
2017/07/25 16:20:18 2334602	地址DB66,I8读取1,success:True
2017/07/25 16:20:18 2334602	当前叠盘机中缓存托盘数量为:0
2017/07/25 16:20:18 4029111	地址DB66,I10写入3,success:True
2017/07/25 16:20:18 4069213	托盘数量匹配异常
2017/07/25 16:20:36 7747749	--------------------------------------------------
2017/07/25 16:20:36 7747749	trayArrivedAddr:1->2
2017/07/25 16:20:39 8629903	托盘条码:041500601273
2017/07/25 16:20:42 0127077	地址DB66,I2写入3,success:True
2017/07/25 16:20:42 0127077	扫码成功，不混批
2017/07/25 16:21:18 0543070	--------------------------------------------------
2017/07/25 16:21:18 0553102	requestBindDataAddr:1->3
2017/07/25 16:21:18 0553102	请求数据绑定(手动)
2017/07/25 16:21:18 0603237	地址DB66,I8读取1,success:True
2017/07/25 16:21:18 0603237	当前叠盘机中缓存托盘数量为:0
2017/07/25 16:21:18 3220196	地址DB66,I10写入3,success:True
2017/07/25 16:21:18 3220196	托盘数量匹配异常
2017/07/25 16:22:48 9690344	--------------------------------------------------
2017/07/25 16:22:49 4773863	缓存托盘个数:0
2017/07/25 16:22:50 4680227	地址DB66,I2写入1,success:True
2017/07/25 16:22:50 6685553	地址DB66,I4写入1,success:True
2017/07/25 16:22:50 6685553	程序启动时,线体无托盘
2017/07/25 16:23:20 5089226	--------------------------------------------------
2017/07/25 16:23:20 5099270	trayArrivedAddr:1->2
2017/07/25 16:23:22 4520952	托盘条码:041500601273
2017/07/25 16:23:24 0924540	地址DB66,I2写入3,success:True
2017/07/25 16:23:24 0924540	扫码成功，不混批
2017/07/25 16:23:33 3609233	--------------------------------------------------
2017/07/25 16:23:33 3609233	trayArrivedAddr:1->2
2017/07/25 16:23:34 1129230	托盘条码:041500601273
2017/07/25 16:23:34 3174667	地址DB66,I2写入4,success:True
2017/07/25 16:23:34 4728799	地址DB66,I4写入3,success:True
2017/07/25 16:23:34 4859155	与叠盘机内缓存托盘码重复
2017/07/25 16:23:48 7304843	--------------------------------------------------
2017/07/25 16:23:48 7304843	trayArrivedAddr:1->2
2017/07/25 16:23:57 5639808	托盘条码:041500601271
2017/07/25 16:23:58 9366311	地址DB66,I2写入3,success:True
2017/07/25 16:23:58 9366311	扫码成功，不混批
2017/07/25 16:24:11 4942615	--------------------------------------------------
2017/07/25 16:24:11 4942615	requestBindDataAddr:1->3
2017/07/25 16:24:11 4942615	请求数据绑定(手动)
2017/07/25 16:24:11 5042875	地址DB66,I8读取1,success:True
2017/07/25 16:24:11 5042875	当前叠盘机中缓存托盘数量为:0
2017/07/25 16:24:11 7138458	地址DB66,I10写入3,success:True
2017/07/25 16:24:11 7138458	托盘数量匹配异常
2017/07/25 17:08:55 5668666	--------------------------------------------------
2017/07/25 17:08:56 2316349	缓存托盘个数:2
2017/07/25 17:08:56 8753467	地址DB66,I2写入1,success:True
2017/07/25 17:08:57 1079658	地址DB66,I4写入1,success:True
2017/07/25 17:08:57 1079658	程序启动时,线体无托盘
2017/07/25 17:09:36 1949273	--------------------------------------------------
2017/07/25 17:09:36 1989364	requestBindDataAddr:1->3
2017/07/25 17:09:36 1989364	请求数据绑定(手动)
2017/07/25 17:09:36 2079621	地址DB66,I8读取2,success:True
2017/07/25 17:09:36 2079621	当前叠盘机中缓存托盘数量为:1
2017/07/25 17:09:57 4707518	异常：不能将值 NULL 插入列 'Id'，表 'HAS_60.dbo.StackTrayFlow'；列不允许有 Null 值。INSERT 失败。
语句已终止。
2017/07/25 17:09:57 7053460	地址DB66,I10写入2,success:True
2017/07/25 17:13:48 8155794	--------------------------------------------------
2017/07/25 17:13:49 0702586	缓存托盘个数:2
2017/07/25 17:13:49 6207214	地址DB66,I2写入1,success:True
2017/07/25 17:13:49 7651051	地址DB66,I4写入1,success:True
2017/07/25 17:13:49 7651051	程序启动时,线体无托盘
2017/07/25 17:14:01 1714432	--------------------------------------------------
2017/07/25 17:14:01 1714432	requestBindDataAddr:1->2
2017/07/25 17:14:01 1744503	请求数据绑定(自动)
2017/07/25 17:14:01 1935019	地址DB66,I8读取2,success:True
2017/07/25 17:14:01 1935019	当前叠盘机中缓存托盘数量为:1
2017/07/25 17:14:05 6754224	--------------------------------------------------
2017/07/25 17:14:05 6754224	requestBindDataAddr:1->3
2017/07/25 17:14:05 6754224	请求数据绑定(手动)
2017/07/25 17:14:05 6804370	地址DB66,I8读取2,success:True
2017/07/25 17:14:05 6804370	当前叠盘机中缓存托盘数量为:1
2017/07/25 17:14:05 6814455	PC:托盘条码：041500601273,叠盘机异常时改托盘没通过
2017/07/25 17:14:05 8338449	异常:不能将值 NULL 插入列 'Id'，表 'HAS_60.dbo.StackTrayFlow'；列不允许有 Null 值。INSERT 失败。
语句已终止。
2017/07/25 17:14:06 0143234	地址DB66,I10写入2,success:True
2017/07/25 17:14:42 2689237	--------------------------------------------------
2017/07/25 17:14:42 2689237	requestBindDataAddr:1->2
2017/07/25 17:14:42 2689237	请求数据绑定(自动)
2017/07/25 17:14:42 2739361	地址DB66,I8读取2,success:True
2017/07/25 17:14:42 2739361	当前叠盘机中缓存托盘数量为:1
2017/07/25 17:16:29 7550229	--------------------------------------------------
2017/07/25 17:16:29 7550229	requestBindDataAddr:1->2
2017/07/25 17:16:29 7550229	请求数据绑定(自动)
2017/07/25 17:16:37 6349811	地址DB66,I8读取2,success:True
2017/07/25 17:17:13 8031800	当前叠盘机中缓存托盘数量为:1
2017/07/25 17:17:29 2627873	--------------------------------------------------
2017/07/25 17:17:29 2627873	requestBindDataAddr:1->2
2017/07/25 17:17:29 2627873	请求数据绑定(自动)
2017/07/25 17:17:31 3042162	地址DB66,I8读取3,success:True
2017/07/25 17:17:33 4619561	当前叠盘机中缓存托盘数量为:2
2017/07/25 17:17:38 8753531	异常：不能将值 NULL 插入列 'Id'，表 'HAS_60.dbo.StackTrayFlow'；列不允许有 Null 值。INSERT 失败。
语句已终止。
2017/07/25 17:17:39 1250170	地址DB66,I10写入2,success:True
2017/07/25 17:18:18 1366042	--------------------------------------------------
2017/07/25 17:18:18 1366042	requestBindDataAddr:1->2
2017/07/25 17:18:18 1366042	请求数据绑定(自动)
2017/07/25 17:18:18 1636779	地址DB66,I8读取3,success:True
2017/07/25 17:18:18 1636779	当前叠盘机中缓存托盘数量为:2
2017/07/25 17:20:01 9185257	异常：不能将值 NULL 插入列 'Id'，表 'HAS_60.dbo.StackTrayFlow'；列不允许有 Null 值。INSERT 失败。
语句已终止。
2017/07/25 17:20:02 5204902	地址DB66,I10写入2,success:True
2017/07/25 17:20:09 3927696	--------------------------------------------------
2017/07/25 17:20:09 3927696	requestBindDataAddr:1->2
2017/07/25 17:20:09 3927696	请求数据绑定(自动)
2017/07/25 17:20:09 4108191	地址DB66,I8读取3,success:True
2017/07/25 17:20:09 4108191	当前叠盘机中缓存托盘数量为:2
2017/07/25 17:20:24 5972109	地址DB66,I10写入2,success:True
2017/07/25 17:46:42 0215159	--------------------------------------------------
2017/07/25 17:46:42 5208338	缓存托盘个数:0
2017/07/25 17:46:43 2016456	地址DB66,I2写入1,success:True
2017/07/25 17:46:43 3801199	地址DB66,I4写入1,success:True
2017/07/25 17:46:43 3801199	程序启动时,线体无托盘
2017/07/25 17:46:49 8372944	--------------------------------------------------
2017/07/25 17:46:49 8372944	trayArrivedAddr:1->2
2017/07/25 17:46:57 9268114	托盘条码:041500601273
2017/07/25 17:47:04 0341811	地址DB66,I2写入3,success:True
2017/07/25 17:47:04 0341811	扫码成功，不混批
2017/07/25 17:47:12 4692151	--------------------------------------------------
2017/07/25 17:47:12 4692151	trayArrivedAddr:1->2
2017/07/25 17:47:15 2947303	托盘条码:041500601273
2017/07/25 17:47:15 4952640	地址DB66,I2写入4,success:True
2017/07/25 17:47:15 6727355	地址DB66,I4写入3,success:True
2017/07/25 17:47:15 6737380	与叠盘机内缓存托盘码重复
2017/07/25 17:47:34 1203017	--------------------------------------------------
2017/07/25 17:47:34 1213038	trayArrivedAddr:1->2
2017/07/25 17:47:34 1213038	托盘条码:041500601273
2017/07/25 17:47:34 2797244	地址DB66,I2写入4,success:True
2017/07/25 17:47:34 4772500	地址DB66,I4写入3,success:True
2017/07/25 17:47:34 4772500	与叠盘机内缓存托盘码重复
2017/07/25 17:47:51 8502334	--------------------------------------------------
2017/07/25 17:47:51 8502334	trayArrivedAddr:1->2
2017/07/25 17:48:29 3840648	托盘条码:041500601213
2017/07/25 17:48:30 0117358	地址DB66,I2写入3,success:True
2017/07/25 17:48:30 0117358	扫码成功，不混批
2017/07/25 17:48:50 7688110	--------------------------------------------------
2017/07/25 17:48:50 7688110	trayArrivedAddr:1->2
2017/07/25 17:48:53 5331649	托盘条码:041500601273
2017/07/25 17:48:53 6925872	地址DB66,I2写入4,success:True
2017/07/25 17:48:53 9372383	地址DB66,I4写入3,success:True
2017/07/25 17:48:53 9372383	与叠盘机内缓存托盘码重复
2017/07/25 17:49:11 8582117	--------------------------------------------------
2017/07/25 17:49:11 8582117	trayArrivedAddr:1->2
2017/07/25 17:49:11 8582117	托盘条码:041500601273
2017/07/25 17:49:12 0086109	地址DB66,I2写入4,success:True
2017/07/25 17:49:12 3525262	地址DB66,I4写入3,success:True
2017/07/25 17:49:12 3525262	与叠盘机内缓存托盘码重复
2017/07/25 17:49:19 4426496	--------------------------------------------------
2017/07/25 17:49:19 4426496	trayArrivedAddr:1->2
2017/07/25 17:49:31 5939687	托盘条码:041500601173
2017/07/25 17:49:31 8947672	地址DB66,I2写入3,success:True
2017/07/25 17:49:31 8947672	扫码成功，不混批
2017/07/25 17:49:36 6940458	--------------------------------------------------
2017/07/25 17:49:36 6970536	trayArrivedAddr:1->2
2017/07/25 17:49:52 7367585	托盘条码:041500601213
2017/07/25 17:49:52 9703374	地址DB66,I2写入4,success:True
2017/07/25 17:49:53 1948952	地址DB66,I4写入3,success:True
2017/07/25 17:49:53 1988994	与叠盘机内缓存托盘码重复
2017/07/25 17:50:10 8348073	--------------------------------------------------
2017/07/25 17:50:10 8348073	trayArrivedAddr:1->2
2017/07/25 17:50:22 7224255	托盘条码:041500101273
2017/07/25 17:50:22 9981584	地址DB66,I2写入3,success:True
2017/07/25 17:50:22 9981584	扫码成功，不混批
2017/07/25 17:52:29 4111718	--------------------------------------------------
2017/07/25 17:52:29 4262123	trayArrivedAddr:1->2
2017/07/25 17:52:47 0240212	托盘条码:041500901273
2017/07/25 17:54:45 8719364	地址DB66,I2写入3,success:True
2017/07/25 17:54:55 6409197	扫码成功，不混批
2017/07/25 17:59:16 8863135	--------------------------------------------------
2017/07/25 17:59:17 1750767	缓存托盘个数:0
2017/07/25 17:59:17 7255406	地址DB66,I2写入1,success:True
2017/07/25 17:59:17 9842290	地址DB66,I4写入1,success:True
2017/07/25 17:59:17 9842290	程序启动时,线体无托盘
2017/07/25 17:59:28 9975237	--------------------------------------------------
2017/07/25 17:59:28 9975237	trayArrivedAddr:1->2
2017/07/25 17:59:30 9948334	托盘条码:041500601273
2017/07/25 17:59:31 0630147	对象名 'StoreUnitDetail' 无效。
2017/07/25 17:59:33 0803808	对象名 'StoreUnitDetail' 无效。
2017/07/25 17:59:35 1037625	对象名 'StoreUnitDetail' 无效。
2017/07/25 17:59:37 1231336	对象名 'StoreUnitDetail' 无效。
2017/07/25 17:59:39 1468249	对象名 'StoreUnitDetail' 无效。
2017/07/25 17:59:41 1805414	对象名 'StoreUnitDetail' 无效。
2017/07/25 17:59:41 2005944	--------------------------------------------------
2017/07/25 17:59:41 2005944	trayArrivedAddr:1->2
2017/07/25 17:59:46 5097186	对象名 'StoreUnitDetail' 无效。
2017/07/25 17:59:50 0310831	托盘条码:041500601273
2017/07/25 17:59:54 4217599	对象名 'StoreUnitDetail' 无效。
2017/07/25 17:59:56 6226138	对象名 'StoreUnitDetail' 无效。
2017/07/25 17:59:56 6476800	对象名 'StoreUnitDetail' 无效。
2017/07/25 17:59:58 6549593	对象名 'StoreUnitDetail' 无效。
2017/07/25 17:59:58 7030885	对象名 'StoreUnitDetail' 无效。
2017/07/25 18:00:00 6733294	对象名 'StoreUnitDetail' 无效。
2017/07/25 18:00:00 7475256	对象名 'StoreUnitDetail' 无效。
2017/07/25 18:00:02 6987153	对象名 'StoreUnitDetail' 无效。
2017/07/25 18:00:02 7658938	对象名 'StoreUnitDetail' 无效。
2017/07/25 18:00:04 7174660	对象名 'StoreUnitDetail' 无效。
2017/07/25 18:00:04 7996832	对象名 'StoreUnitDetail' 无效。
2017/07/25 18:00:06 7468626	对象名 'StoreUnitDetail' 无效。
2017/07/25 18:00:06 8210618	对象名 'StoreUnitDetail' 无效。
2017/07/25 18:00:08 7962668	对象名 'StoreUnitDetail' 无效。
2017/07/25 18:00:08 8524147	对象名 'StoreUnitDetail' 无效。
2017/07/25 18:00:10 8247463	对象名 'StoreUnitDetail' 无效。
2017/07/25 18:00:10 8874353	对象名 'StoreUnitDetail' 无效。
2017/07/25 18:00:12 8526620	对象名 'StoreUnitDetail' 无效。
2017/07/25 18:00:12 9148262	对象名 'StoreUnitDetail' 无效。
2017/07/25 18:00:13 0371516	--------------------------------------------------
2017/07/25 18:00:13 0371516	trayArrivedAddr:1->2
2017/07/25 18:00:14 5100686	托盘条码:041500601273
2017/07/25 18:00:18 1126516	对象名 'StoreUnitDetail' 无效。
2017/07/25 18:01:09 6928440	对象名 'StoreUnitDetail' 无效。
2017/07/25 18:01:17 8264756	地址DB66,I2写入3,success:True
2017/07/25 18:01:17 8274781	扫码成功，不混批
2017/07/25 18:01:17 8836293	地址DB66,I2写入3,success:False
2017/07/25 18:01:17 8876381	扫码成功，不混批
2017/07/25 18:01:17 9300374	地址DB66,I2写入3,success:True
2017/07/25 18:01:17 9300374	扫码成功，不混批
2017/07/25 18:02:51 1075010	--------------------------------------------------
2017/07/25 18:02:51 1075010	trayArrivedAddr:1->2
2017/07/25 18:02:54 0813825	托盘条码:041500601273
2017/07/25 18:03:01 3236439	地址DB66,I2写入4,success:True
2017/07/25 18:03:01 4610102	地址DB66,I4写入3,success:True
2017/07/25 18:03:02 2751746	与叠盘机内缓存托盘码重复
2017/07/25 18:06:29 5804150	--------------------------------------------------
2017/07/25 18:06:30 0887665	缓存托盘个数:0
2017/07/25 18:06:31 1646279	地址DB66,I2写入1,success:True
2017/07/25 18:06:31 3972466	地址DB66,I4写入1,success:True
2017/07/25 18:06:31 3972466	程序启动时,线体无托盘
2017/07/25 18:06:36 9760850	--------------------------------------------------
2017/07/25 18:06:36 9760850	trayArrivedAddr:1->2
2017/07/25 18:06:38 9036826	托盘条码:041500601273
2017/07/25 18:06:40 7285356	地址DB66,I2写入3,success:True
2017/07/25 18:06:40 7285356	扫码成功，不混批
2017/07/25 18:15:09 5073572	--------------------------------------------------
2017/07/25 18:15:09 8231978	缓存托盘个数:4
2017/07/25 18:15:10 9782689	地址DB66,I2写入1,success:True
2017/07/25 18:15:11 2680398	地址DB66,I4写入1,success:True
2017/07/25 18:15:11 2680398	程序启动时,线体无托盘
2017/07/25 18:45:11 8395845	--------------------------------------------------
2017/07/25 18:45:12 4211388	缓存托盘个数:4
2017/07/25 18:45:13 6915107	地址DB66,I2写入1,success:True
2017/07/25 18:45:13 9682464	地址DB66,I4写入1,success:True
2017/07/25 18:45:13 9682464	程序启动时,线体无托盘
2017/07/25 18:47:34 7916924	--------------------------------------------------
2017/07/25 18:47:35 1426270	缓存托盘个数:4
2017/07/25 18:47:35 7061269	地址DB66,I2写入1,success:True
2017/07/25 18:47:35 8936250	地址DB66,I4写入1,success:True
2017/07/25 18:47:35 8936250	程序启动时,线体无托盘
2017/07/25 18:51:28 9210544	--------------------------------------------------
2017/07/25 18:51:29 4645002	缓存托盘个数:4
2017/07/25 18:51:30 5654288	地址DB66,I2写入1,success:True
2017/07/25 18:51:30 7689696	地址DB66,I4写入1,success:True
2017/07/25 18:51:30 7689696	程序启动时,线体无托盘
2017/07/25 18:57:36 6170389	--------------------------------------------------
2017/07/25 18:57:37 2808047	缓存托盘个数:4
2017/07/25 18:57:38 1892205	地址DB66,I2写入1,success:True
2017/07/25 18:57:38 4338723	地址DB66,I4写入1,success:True
2017/07/25 18:57:38 4338723	程序启动时,线体无托盘
2017/07/25 18:57:57 4865479	序列不包含任何元素
2017/07/25 18:58:01 9764882	序列不包含任何元素
2017/07/25 18:58:02 5971388	序列不包含任何元素
2017/07/25 18:58:02 7816295	序列不包含任何元素
2017/07/25 18:58:02 9560947	序列不包含任何元素
2017/07/25 18:58:03 1516164	序列不包含任何元素
2017/07/25 18:58:03 3090633	序列不包含任何元素
2017/07/25 18:58:03 5737356	序列不包含任何元素
2017/07/25 18:58:03 7652459	序列不包含任何元素
2017/07/25 19:09:40 0960550	--------------------------------------------------
2017/07/25 19:09:40 5793404	缓存托盘个数:4
2017/07/25 19:09:41 7212856	地址DB66,I2写入1,success:True
2017/07/25 19:09:41 8927419	地址DB66,I4写入1,success:True
2017/07/25 19:09:41 8927419	程序启动时,线体无托盘
2017/07/25 19:10:55 9952767	--------------------------------------------------
2017/07/25 19:10:56 3752876	缓存托盘个数:4
2017/07/25 19:10:56 9257534	地址DB66,I2写入1,success:True
2017/07/25 19:10:57 2897198	地址DB66,I4写入1,success:True
2017/07/25 19:10:57 2897198	程序启动时,线体无托盘
2017/07/25 19:25:35 1106787	--------------------------------------------------
2017/07/25 19:25:35 8366076	缓存托盘个数:4
2017/07/25 19:25:36 8482994	地址DB66,I2写入1,success:True
2017/07/25 19:25:37 0759057	地址DB66,I4写入1,success:True
2017/07/25 19:25:37 0759057	程序启动时,线体无托盘
2017/07/25 19:26:54 8899934	--------------------------------------------------
2017/07/25 19:26:55 3552290	缓存托盘个数:4
2017/07/25 19:26:56 4170530	地址DB66,I2写入1,success:True
2017/07/25 19:26:56 6306220	地址DB66,I4写入1,success:True
2017/07/25 19:26:56 6306220	程序启动时,线体无托盘
2017/07/25 19:37:55 8509651	--------------------------------------------------
2017/07/25 19:37:56 5217506	缓存托盘个数:4
2017/07/25 19:37:57 3078399	地址DB66,I2写入1,success:True
2017/07/25 19:37:57 6497491	地址DB66,I4写入1,success:True
2017/07/25 19:37:57 6497491	程序启动时,线体无托盘
2017/07/25 19:39:15 8678230	--------------------------------------------------
2017/07/25 19:39:16 4132749	缓存托盘个数:4
2017/07/25 19:39:17 5713549	地址DB66,I2写入1,success:True
2017/07/25 19:39:17 7568477	地址DB66,I4写入1,success:True
2017/07/25 19:39:17 7568477	程序启动时,线体无托盘
2017/07/25 19:44:39 5980998	--------------------------------------------------
2017/07/25 19:44:40 0874016	缓存托盘个数:4
2017/07/25 19:44:41 0449471	地址DB66,I2写入1,success:True
2017/07/25 19:44:41 2414709	地址DB66,I4写入1,success:True
2017/07/25 19:44:41 2414709	程序启动时,线体无托盘
