2017/07/27 10:03:03 3405502	缓存托盘个数:3
2017/07/27 10:03:04 8976916	地址DB66,I2写入1,success:True
2017/07/27 10:03:05 1052431	地址DB66,I4写入1,success:True
2017/07/27 10:03:05 1222886	程序启动时,线体无托盘
2017/07/27 10:03:20 8866379	请求扫码:1->2
2017/07/27 10:03:22 7485904	托盘条码:041500601273
2017/07/27 10:03:22 9591524	地址DB66,I2写入4,success:True
2017/07/27 10:03:23 2429073	地址DB66,I4写入3,success:True
2017/07/27 10:03:23 2699783	与叠盘机内缓存托盘码重复
2017/07/27 10:03:50 6841690	请求扫码:1->1
2017/07/27 10:03:50 8235377	地址DB66,I2写入1,success:True
2017/07/27 10:03:50 9899796	地址DB66,I4写入1,success:True
2017/07/27 10:03:51 0010095	扫码反馈归1,异常信息归1
2017/07/27 10:18:56 1133943	缓存托盘个数:3
2017/07/27 10:18:56 7781611	地址DB66,I2写入1,success:True
2017/07/27 10:18:57 0017567	地址DB66,I4写入1,success:True
2017/07/27 10:18:57 0268221	程序启动时,线体无托盘
2017/07/27 10:21:24 4021839	请求扫码:1->2
2017/07/27 10:21:27 9285630	托盘条码:041500601273
2017/07/27 10:21:28 4810319	地址DB66,I2写入4,success:False
2017/07/27 10:21:28 7367132	地址DB66,I4写入3,success:True
2017/07/27 10:21:28 7417256	与叠盘机内缓存托盘码重复
2017/07/27 10:22:25 8819200	缓存托盘个数:3
2017/07/27 10:22:26 9307111	地址DB66,I2写入1,success:True
2017/07/27 10:22:27 1833835	地址DB66,I4写入1,success:True
2017/07/27 10:22:27 2024325	程序启动时,线体无托盘
2017/07/27 10:22:37 0365913	请求扫码:1->2
2017/07/27 10:22:43 3042612	托盘条码:041500601273
2017/07/27 10:22:43 4666921	地址DB66,I2写入4,success:True
2017/07/27 10:22:43 7123449	地址DB66,I4写入3,success:True
2017/07/27 10:22:43 7233741	与叠盘机内缓存托盘码重复
2017/07/27 10:23:16 4852823	请求扫码:1->2
2017/07/27 10:23:23 8438538	托盘条码:041500601273
2017/07/27 10:23:27 3471718	地址DB66,I2写入4,success:True
2017/07/27 10:23:27 5056086	地址DB66,I4写入3,success:True
2017/07/27 10:23:28 0219668	与叠盘机内缓存托盘码重复
2017/07/27 10:23:42 0135392	请求扫码:1->2
2017/07/27 10:23:43 4664044	托盘条码:041500601273
2017/07/27 10:23:43 7591827	地址DB66,I2写入3,success:True
2017/07/27 10:23:43 7712151	扫码成功，不混批
2017/07/27 10:24:04 5277776	缓存托盘个数:2
2017/07/27 10:24:05 3660082	地址DB66,I2写入1,success:True
2017/07/27 10:24:05 6126646	地址DB66,I4写入1,success:True
2017/07/27 10:24:05 6337193	程序启动时,线体无托盘
2017/07/27 10:24:13 5908838	请求扫码:1->2
2017/07/27 10:24:13 5968991	托盘条码:041500601273
2017/07/27 10:24:13 8295193	地址DB66,I2写入3,success:True
2017/07/27 10:24:13 8345325	扫码成功，不混批
2017/07/27 10:25:46 8910416	缓存托盘个数:2
2017/07/27 10:25:48 4762577	地址DB66,I2写入1,success:True
2017/07/27 10:25:48 7078728	地址DB66,I4写入1,success:True
2017/07/27 10:25:48 7549972	程序启动时,线体无托盘
2017/07/27 10:26:59 3710519	缓存托盘个数:2
2017/07/27 10:27:00 0288018	地址DB66,I2写入1,success:True
2017/07/27 10:27:00 3095485	地址DB66,I4写入1,success:True
2017/07/27 10:27:00 3286042	程序启动时,线体无托盘
2017/07/27 10:27:10 7924295	请求扫码:1->2
2017/07/27 10:27:10 8044623	托盘条码:041500601273
2017/07/27 10:27:10 9378168	地址DB66,I2写入3,success:True
2017/07/27 10:27:10 9489316	扫码成功，不混批
2017/07/27 17:39:06 7402515	缓存托盘个数:2
2017/07/27 17:39:07 3869718	地址DB66,I2写入1,success:True
2017/07/27 17:39:07 5824921	地址DB66,I4写入1,success:True
2017/07/27 17:39:07 6115685	程序启动时,线体无托盘
2017/07/27 17:53:56 0757566	已取消一个任务。
