2017/07/26 10:52:51 9281688	--------------------------------------------------
2017/07/26 10:52:52 1658018	缓存托盘个数:3
2017/07/26 10:52:52 8686710	地址DB66,I2写入1,success:True
2017/07/26 10:52:53 0842438	地址DB66,I4写入1,success:True
2017/07/26 10:52:53 0852463	程序启动时,线体无托盘
2017/07/26 10:54:20 1501487	--------------------------------------------------
2017/07/26 10:54:20 8800887	缓存托盘个数:3
2017/07/26 10:54:21 5258050	地址DB66,I2写入1,success:True
2017/07/26 10:54:21 6752037	地址DB66,I4写入1,success:True
2017/07/26 10:54:21 6752037	程序启动时,线体无托盘
2017/07/26 10:55:12 4728285	--------------------------------------------------
2017/07/26 10:55:12 9400720	缓存托盘个数:3
2017/07/26 10:55:13 8865880	地址DB66,I2写入1,success:True
2017/07/26 10:55:14 1272288	地址DB66,I4写入1,success:True
2017/07/26 10:55:14 1282313	程序启动时,线体无托盘
2017/07/26 11:13:58 5750473	--------------------------------------------------
2017/07/26 11:13:59 5757084	缓存托盘个数:3
2017/07/26 11:14:00 1592620	地址DB66,I2写入1,success:True
2017/07/26 11:14:00 3056506	地址DB66,I4写入1,success:True
2017/07/26 11:14:00 3056506	程序启动时,线体无托盘
2017/07/26 11:14:06 7545313	--------------------------------------------------
2017/07/26 11:14:06 8267214	缓存托盘个数:3
2017/07/26 11:15:23 5821586	--------------------------------------------------
2017/07/26 11:15:24 2539454	缓存托盘个数:3
2017/07/26 11:15:25 2495961	地址DB66,I2写入1,success:True
2017/07/26 11:15:25 5463832	地址DB66,I4写入1,success:True
2017/07/26 11:15:25 5463832	程序启动时,线体无托盘
2017/07/26 16:19:24 0767941	--------------------------------------------------
2017/07/26 16:19:24 5721119	缓存托盘个数:3
2017/07/26 16:19:25 1807309	地址DB66,I2写入1,success:True
2017/07/26 16:19:25 2990448	地址DB66,I4写入1,success:True
2017/07/26 16:19:25 2990448	程序启动时,线体无托盘
2017/07/26 17:07:11 7334328	--------------------------------------------------
2017/07/26 17:07:12 3601001	缓存托盘个数:3
2017/07/26 17:07:13 0549469	地址DB66,I2写入1,success:True
2017/07/26 17:07:13 1933149	地址DB66,I4写入1,success:True
2017/07/26 17:07:13 2183822	程序启动时,线体无托盘
2017/07/26 17:09:20 8408723	--------------------------------------------------
2017/07/26 17:09:21 3422069	缓存托盘个数:2
2017/07/26 17:09:21 9167333	地址DB66,I2写入1,success:True
2017/07/26 17:09:22 0681366	地址DB66,I4写入1,success:True
2017/07/26 17:09:22 0851810	程序启动时,线体无托盘
2017/07/26 17:22:37 6389011	--------------------------------------------------
2017/07/26 17:22:38 3126933	缓存托盘个数:2
2017/07/26 17:22:38 8972494	地址DB66,I2写入1,success:True
2017/07/26 17:22:39 1058026	地址DB66,I4写入1,success:True
2017/07/26 17:22:39 1278616	程序启动时,线体无托盘
2017/07/26 17:24:25 9379375	--------------------------------------------------
2017/07/26 17:24:26 5305131	缓存托盘个数:2
2017/07/26 17:24:27 0900015	地址DB66,I2写入1,success:True
2017/07/26 17:24:27 3055740	地址DB66,I4写入1,success:True
2017/07/26 17:24:27 3236227	程序启动时,线体无托盘
2017/07/26 17:24:34 3713675	--------------------------------------------------
2017/07/26 17:24:34 4174913	trayArrivedAddr:1->2
2017/07/26 17:24:39 2623760	托盘条码:041500601273
2017/07/26 17:24:41 0481267	地址DB66,I2写入3,success:True
2017/07/26 17:24:41 0621674	扫码成功，不混批
2017/07/26 17:25:01 9869732	--------------------------------------------------
2017/07/26 17:25:48 0184076	--------------------------------------------------
2017/07/26 17:25:49 1052974	缓存托盘个数:3
2017/07/26 17:25:49 9505457	地址DB66,I2写入1,success:True
2017/07/26 17:25:50 2393134	地址DB66,I4写入1,success:True
2017/07/26 17:25:50 2593663	程序启动时,线体无托盘
2017/07/26 17:25:57 7322430	--------------------------------------------------
2017/07/26 17:25:57 7442746	trayArrivedAddr:1->2
2017/07/26 17:25:59 9391137	托盘条码:041500601273
2017/07/26 17:26:01 5744620	地址DB66,I2写入3,success:True
2017/07/26 17:26:01 5874980	扫码成功，不混批
2017/07/26 17:26:23 3604580	--------------------------------------------------
2017/07/26 17:26:37 3677140	trayArrivedAddr:1->2
2017/07/26 17:26:46 0738751	托盘条码:041500601273
2017/07/26 17:26:48 8502545	地址DB66,I2写入3,success:True
2017/07/26 17:26:49 7255821	扫码成功，不混批
2017/07/26 17:27:38 7872430	--------------------------------------------------
2017/07/26 17:27:40 2943368	trayArrivedAddr:1->2
2017/07/26 17:27:43 0515849	托盘条码:041500601273
2017/07/26 17:27:44 5365340	地址DB66,I2写入3,success:True
2017/07/26 17:27:44 5575905	扫码成功，不混批
2017/07/26 17:28:03 3315244	--------------------------------------------------
2017/07/26 17:28:03 3475882	trayArrivedAddr:1->2
2017/07/26 17:28:10 1015302	托盘条码:041500601273
2017/07/26 17:28:11 3668969	地址DB66,I2写入3,success:True
2017/07/26 17:28:11 3809347	扫码成功，不混批
